<?xml version="1.0" encoding="UTF-8"?>
<testng-results skipped="0" failed="34" total="131" passed="97">
  <reporter-output>
  </reporter-output>
  <suite name="Command line suite" duration-ms="416924" started-at="2018-12-21T09:11:34Z" finished-at="2018-12-21T09:18:31Z">
    <groups>
    </groups>
    <test name="Command line test" duration-ms="416924" started-at="2018-12-21T09:11:34Z" finished-at="2018-12-21T09:18:31Z">
      <class name="WittyFeedTestCases.WittyTagstestcasesTest">
        <test-method status="PASS" signature="CheckSearchOption()" name="CheckSearchOption" duration-ms="365" started-at="2018-12-21T09:18:20Z" finished-at="2018-12-21T09:18:21Z">
        </test-method>
        <test-method status="FAIL" signature="CheckSearchTags()" name="CheckSearchTags" duration-ms="10025" started-at="2018-12-21T09:18:21Z" finished-at="2018-12-21T09:18:31Z">
          <exception class="java.lang.AssertionError">
            <message>
              <![CDATA[expected:<1> but was:<0>]]>
            </message>
            <full-stacktrace>
              <![CDATA[java.lang.AssertionError: expected:<1> but was:<0>
	at org.testng.Assert.fail(Assert.java:89)
	at org.testng.Assert.failNotEquals(Assert.java:489)
	at org.testng.Assert.assertEquals(Assert.java:118)
	at org.testng.Assert.assertEquals(Assert.java:365)
	at org.testng.Assert.assertEquals(Assert.java:375)
	at PagesOnWittyFeedTv.WittyFeedTagsPage.tags(WittyFeedTagsPage.java:15)
	at WittyFeedTestCases.WittyTagstestcasesTest.CheckSearchTags(WittyTagstestcasesTest.java:34)
	at sun.reflect.NativeMethodAccessorImpl.invoke0(Native Method)
	at sun.reflect.NativeMethodAccessorImpl.invoke(NativeMethodAccessorImpl.java:62)
	at sun.reflect.DelegatingMethodAccessorImpl.invoke(DelegatingMethodAccessorImpl.java:43)
	at java.lang.reflect.Method.invoke(Method.java:498)
	at org.testng.internal.MethodInvocationHelper.invokeMethod(MethodInvocationHelper.java:80)
	at org.testng.internal.Invoker.invokeMethod(Invoker.java:673)
	at org.testng.internal.Invoker.invokeTestMethod(Invoker.java:842)
	at org.testng.internal.Invoker.invokeTestMethods(Invoker.java:1166)
	at org.testng.internal.TestMethodWorker.invokeTestMethods(TestMethodWorker.java:125)
	at org.testng.internal.TestMethodWorker.run(TestMethodWorker.java:109)
	at org.testng.TestRunner.runWorkers(TestRunner.java:1178)
	at org.testng.TestRunner.privateRun(TestRunner.java:757)
	at org.testng.TestRunner.run(TestRunner.java:608)
	at org.testng.SuiteRunner.runTest(SuiteRunner.java:334)
	at org.testng.SuiteRunner.runSequentially(SuiteRunner.java:329)
	at org.testng.SuiteRunner.privateRun(SuiteRunner.java:291)
	at org.testng.SuiteRunner.run(SuiteRunner.java:240)
	at org.testng.SuiteRunnerWorker.runSuite(SuiteRunnerWorker.java:52)
	at org.testng.SuiteRunnerWorker.run(SuiteRunnerWorker.java:86)
	at org.testng.TestNG.runSuitesSequentially(TestNG.java:1158)
	at org.testng.TestNG.runSuitesLocally(TestNG.java:1083)
	at org.testng.TestNG.run(TestNG.java:999)
	at org.apache.maven.surefire.testng.TestNGExecutor.run(TestNGExecutor.java:77)
	at org.apache.maven.surefire.testng.TestNGDirectoryTestSuite.executeMulti(TestNGDirectoryTestSuite.java:159)
	at org.apache.maven.surefire.testng.TestNGDirectoryTestSuite.execute(TestNGDirectoryTestSuite.java:99)
	at org.apache.maven.surefire.testng.TestNGProvider.invoke(TestNGProvider.java:106)
	at sun.reflect.NativeMethodAccessorImpl.invoke0(Native Method)
	at sun.reflect.NativeMethodAccessorImpl.invoke(NativeMethodAccessorImpl.java:62)
	at sun.reflect.DelegatingMethodAccessorImpl.invoke(DelegatingMethodAccessorImpl.java:43)
	at java.lang.reflect.Method.invoke(Method.java:498)
	at org.apache.maven.surefire.util.ReflectionUtils.invokeMethodWithArray(ReflectionUtils.java:189)
	at org.apache.maven.surefire.booter.ProviderFactory$ProviderProxy.invoke(ProviderFactory.java:165)
	at org.apache.maven.surefire.booter.ProviderFactory.invokeProvider(ProviderFactory.java:85)
	at org.apache.maven.surefire.booter.ForkedBooter.runSuitesInProcess(ForkedBooter.java:115)
	at org.apache.maven.surefire.booter.ForkedBooter.main(ForkedBooter.java:75)
]]>
            </full-stacktrace>
          </exception>
        </test-method>
        <test-method status="PASS" signature="getResults(org.testng.ITestResult)" name="getResults" is-config="true" duration-ms="0" started-at="2018-12-21T09:18:21Z" finished-at="2018-12-21T09:18:21Z">
          <params>
            <param index="0">
              <value>
                <![CDATA[[TestResult: CheckSearchOption STATUS:SUCCESS METHOD:WittyFeedTestCases.WittyTagstestcasesTest.CheckSearchOption()]
]]>
              </value>
            </param>
          </params>
        </test-method>
        <test-method status="PASS" signature="getResults(org.testng.ITestResult)" name="getResults" is-config="true" duration-ms="0" started-at="2018-12-21T09:18:31Z" finished-at="2018-12-21T09:18:31Z">
          <params>
            <param index="0">
              <value>
                <![CDATA[[TestResult: CheckSearchTags STATUS:FAILURE METHOD:WittyFeedTestCases.WittyTagstestcasesTest.CheckSearchTags()]
]]>
              </value>
            </param>
          </params>
        </test-method>
      </class>
      <class name="WittyFeedTestCases.WittyFeedHomePageTestcasesTest">
        <test-method status="PASS" signature="CheckSearchOption()" name="CheckSearchOption" duration-ms="408" started-at="2018-12-21T09:12:32Z" finished-at="2018-12-21T09:12:32Z">
        </test-method>
        <test-method status="PASS" signature="getResults(org.testng.ITestResult)" name="getResults" is-config="true" duration-ms="3" started-at="2018-12-21T09:12:32Z" finished-at="2018-12-21T09:12:32Z">
          <params>
            <param index="0">
              <value>
                <![CDATA[[TestResult: CheckSearchOption STATUS:SUCCESS METHOD:WittyFeedTestCases.WittyFeedHomePageTestcasesTest.CheckSearchOption()]
]]>
              </value>
            </param>
          </params>
        </test-method>
        <test-method status="PASS" signature="CheckSiteLogo()" name="CheckSiteLogo" duration-ms="18" started-at="2018-12-21T09:12:32Z" finished-at="2018-12-21T09:12:32Z">
        </test-method>
        <test-method status="PASS" signature="getResults(org.testng.ITestResult)" name="getResults" is-config="true" duration-ms="0" started-at="2018-12-21T09:12:32Z" finished-at="2018-12-21T09:12:32Z">
          <params>
            <param index="0">
              <value>
                <![CDATA[[TestResult: CheckSiteLogo STATUS:SUCCESS METHOD:WittyFeedTestCases.WittyFeedHomePageTestcasesTest.CheckSiteLogo()]
]]>
              </value>
            </param>
          </params>
        </test-method>
        <test-method status="PASS" signature="CheckNewsCategories()" name="CheckNewsCategories" duration-ms="15" started-at="2018-12-21T09:12:32Z" finished-at="2018-12-21T09:12:32Z">
        </test-method>
        <test-method status="PASS" signature="CheckLifeStyleCategories()" name="CheckLifeStyleCategories" duration-ms="5019" started-at="2018-12-21T09:12:32Z" finished-at="2018-12-21T09:12:37Z">
        </test-method>
        <test-method status="PASS" signature="getResults(org.testng.ITestResult)" name="getResults" is-config="true" duration-ms="0" started-at="2018-12-21T09:12:32Z" finished-at="2018-12-21T09:12:32Z">
          <params>
            <param index="0">
              <value>
                <![CDATA[[TestResult: CheckNewsCategories STATUS:SUCCESS METHOD:WittyFeedTestCases.WittyFeedHomePageTestcasesTest.CheckNewsCategories()]
]]>
              </value>
            </param>
          </params>
        </test-method>
        <test-method status="PASS" signature="getResults(org.testng.ITestResult)" name="getResults" is-config="true" duration-ms="1" started-at="2018-12-21T09:12:37Z" finished-at="2018-12-21T09:12:37Z">
          <params>
            <param index="0">
              <value>
                <![CDATA[[TestResult: CheckLifeStyleCategories STATUS:SUCCESS METHOD:WittyFeedTestCases.WittyFeedHomePageTestcasesTest.CheckLifeStyleCategories()]
]]>
              </value>
            </param>
          </params>
        </test-method>
        <test-method status="PASS" signature="CheckEntertainmentCategories()" name="CheckEntertainmentCategories" duration-ms="14" started-at="2018-12-21T09:12:37Z" finished-at="2018-12-21T09:12:37Z">
        </test-method>
        <test-method status="PASS" signature="CheckOpinion()" name="CheckOpinion" duration-ms="15" started-at="2018-12-21T09:12:37Z" finished-at="2018-12-21T09:12:37Z">
        </test-method>
        <test-method status="PASS" signature="getResults(org.testng.ITestResult)" name="getResults" is-config="true" duration-ms="0" started-at="2018-12-21T09:12:37Z" finished-at="2018-12-21T09:12:37Z">
          <params>
            <param index="0">
              <value>
                <![CDATA[[TestResult: CheckEntertainmentCategories STATUS:SUCCESS METHOD:WittyFeedTestCases.WittyFeedHomePageTestcasesTest.CheckEntertainmentCategories()]
]]>
              </value>
            </param>
          </params>
        </test-method>
        <test-method status="PASS" signature="getResults(org.testng.ITestResult)" name="getResults" is-config="true" duration-ms="0" started-at="2018-12-21T09:12:37Z" finished-at="2018-12-21T09:12:37Z">
          <params>
            <param index="0">
              <value>
                <![CDATA[[TestResult: CheckOpinion STATUS:SUCCESS METHOD:WittyFeedTestCases.WittyFeedHomePageTestcasesTest.CheckOpinion()]
]]>
              </value>
            </param>
          </params>
        </test-method>
        <test-method status="PASS" signature="CheckIndiaKaPulse()" name="CheckIndiaKaPulse" duration-ms="15" started-at="2018-12-21T09:12:37Z" finished-at="2018-12-21T09:12:37Z">
        </test-method>
        <test-method status="PASS" signature="getResults(org.testng.ITestResult)" name="getResults" is-config="true" duration-ms="1" started-at="2018-12-21T09:12:37Z" finished-at="2018-12-21T09:12:37Z">
          <params>
            <param index="0">
              <value>
                <![CDATA[[TestResult: CheckIndiaKaPulse STATUS:SUCCESS METHOD:WittyFeedTestCases.WittyFeedHomePageTestcasesTest.CheckIndiaKaPulse()]
]]>
              </value>
            </param>
          </params>
        </test-method>
        <test-method status="PASS" signature="CheckGirling()" name="CheckGirling" duration-ms="14" started-at="2018-12-21T09:12:37Z" finished-at="2018-12-21T09:12:37Z">
        </test-method>
        <test-method status="PASS" signature="getResults(org.testng.ITestResult)" name="getResults" is-config="true" duration-ms="1" started-at="2018-12-21T09:12:37Z" finished-at="2018-12-21T09:12:37Z">
          <params>
            <param index="0">
              <value>
                <![CDATA[[TestResult: CheckGirling STATUS:SUCCESS METHOD:WittyFeedTestCases.WittyFeedHomePageTestcasesTest.CheckGirling()]
]]>
              </value>
            </param>
          </params>
        </test-method>
        <test-method status="PASS" signature="CheckVideos()" name="CheckVideos" duration-ms="15" started-at="2018-12-21T09:12:37Z" finished-at="2018-12-21T09:12:37Z">
        </test-method>
        <test-method status="PASS" signature="getResults(org.testng.ITestResult)" name="getResults" is-config="true" duration-ms="1" started-at="2018-12-21T09:12:37Z" finished-at="2018-12-21T09:12:37Z">
          <params>
            <param index="0">
              <value>
                <![CDATA[[TestResult: CheckVideos STATUS:SUCCESS METHOD:WittyFeedTestCases.WittyFeedHomePageTestcasesTest.CheckVideos()]
]]>
              </value>
            </param>
          </params>
        </test-method>
        <test-method status="PASS" signature="CheckQuiz()" name="CheckQuiz" duration-ms="22" started-at="2018-12-21T09:12:37Z" finished-at="2018-12-21T09:12:37Z">
        </test-method>
        <test-method status="PASS" signature="getResults(org.testng.ITestResult)" name="getResults" is-config="true" duration-ms="0" started-at="2018-12-21T09:12:37Z" finished-at="2018-12-21T09:12:37Z">
          <params>
            <param index="0">
              <value>
                <![CDATA[[TestResult: CheckQuiz STATUS:SUCCESS METHOD:WittyFeedTestCases.WittyFeedHomePageTestcasesTest.CheckQuiz()]
]]>
              </value>
            </param>
          </params>
        </test-method>
        <test-method status="PASS" signature="CheckInstaLink()" name="CheckInstaLink" duration-ms="14" started-at="2018-12-21T09:12:37Z" finished-at="2018-12-21T09:12:37Z">
        </test-method>
        <test-method status="PASS" signature="getResults(org.testng.ITestResult)" name="getResults" is-config="true" duration-ms="0" started-at="2018-12-21T09:12:37Z" finished-at="2018-12-21T09:12:37Z">
          <params>
            <param index="0">
              <value>
                <![CDATA[[TestResult: CheckInstaLink STATUS:SUCCESS METHOD:WittyFeedTestCases.WittyFeedHomePageTestcasesTest.CheckInstaLink()]
]]>
              </value>
            </param>
          </params>
        </test-method>
        <test-method status="PASS" signature="CheckTwitterLink()" name="CheckTwitterLink" duration-ms="19" started-at="2018-12-21T09:12:37Z" finished-at="2018-12-21T09:12:37Z">
        </test-method>
        <test-method status="PASS" signature="getResults(org.testng.ITestResult)" name="getResults" is-config="true" duration-ms="0" started-at="2018-12-21T09:12:37Z" finished-at="2018-12-21T09:12:37Z">
          <params>
            <param index="0">
              <value>
                <![CDATA[[TestResult: CheckTwitterLink STATUS:SUCCESS METHOD:WittyFeedTestCases.WittyFeedHomePageTestcasesTest.CheckTwitterLink()]
]]>
              </value>
            </param>
          </params>
        </test-method>
        <test-method status="PASS" signature="CheckFacebookLink()" name="CheckFacebookLink" duration-ms="15" started-at="2018-12-21T09:12:37Z" finished-at="2018-12-21T09:12:37Z">
        </test-method>
        <test-method status="FAIL" signature="CheckYouTubeLink()" name="CheckYouTubeLink" duration-ms="10046" started-at="2018-12-21T09:12:37Z" finished-at="2018-12-21T09:12:47Z">
          <exception class="java.lang.AssertionError">
            <message>
              <![CDATA[expected:<1> but was:<0>]]>
            </message>
            <full-stacktrace>
              <![CDATA[java.lang.AssertionError: expected:<1> but was:<0>
	at org.testng.Assert.fail(Assert.java:89)
	at org.testng.Assert.failNotEquals(Assert.java:489)
	at org.testng.Assert.assertEquals(Assert.java:118)
	at org.testng.Assert.assertEquals(Assert.java:365)
	at org.testng.Assert.assertEquals(Assert.java:375)
	at PagesOnWittyFeedTv.WittyFeedHomePage.YouTubeLink(WittyFeedHomePage.java:135)
	at WittyFeedTestCases.WittyFeedHomePageTestcasesTest.CheckYouTubeLink(WittyFeedHomePageTestcasesTest.java:110)
	at sun.reflect.NativeMethodAccessorImpl.invoke0(Native Method)
	at sun.reflect.NativeMethodAccessorImpl.invoke(NativeMethodAccessorImpl.java:62)
	at sun.reflect.DelegatingMethodAccessorImpl.invoke(DelegatingMethodAccessorImpl.java:43)
	at java.lang.reflect.Method.invoke(Method.java:498)
	at org.testng.internal.MethodInvocationHelper.invokeMethod(MethodInvocationHelper.java:80)
	at org.testng.internal.Invoker.invokeMethod(Invoker.java:673)
	at org.testng.internal.Invoker.invokeTestMethod(Invoker.java:842)
	at org.testng.internal.Invoker.invokeTestMethods(Invoker.java:1166)
	at org.testng.internal.TestMethodWorker.invokeTestMethods(TestMethodWorker.java:125)
	at org.testng.internal.TestMethodWorker.run(TestMethodWorker.java:109)
	at org.testng.TestRunner.runWorkers(TestRunner.java:1178)
	at org.testng.TestRunner.privateRun(TestRunner.java:757)
	at org.testng.TestRunner.run(TestRunner.java:608)
	at org.testng.SuiteRunner.runTest(SuiteRunner.java:334)
	at org.testng.SuiteRunner.runSequentially(SuiteRunner.java:329)
	at org.testng.SuiteRunner.privateRun(SuiteRunner.java:291)
	at org.testng.SuiteRunner.run(SuiteRunner.java:240)
	at org.testng.SuiteRunnerWorker.runSuite(SuiteRunnerWorker.java:52)
	at org.testng.SuiteRunnerWorker.run(SuiteRunnerWorker.java:86)
	at org.testng.TestNG.runSuitesSequentially(TestNG.java:1158)
	at org.testng.TestNG.runSuitesLocally(TestNG.java:1083)
	at org.testng.TestNG.run(TestNG.java:999)
	at org.apache.maven.surefire.testng.TestNGExecutor.run(TestNGExecutor.java:77)
	at org.apache.maven.surefire.testng.TestNGDirectoryTestSuite.executeMulti(TestNGDirectoryTestSuite.java:159)
	at org.apache.maven.surefire.testng.TestNGDirectoryTestSuite.execute(TestNGDirectoryTestSuite.java:99)
	at org.apache.maven.surefire.testng.TestNGProvider.invoke(TestNGProvider.java:106)
	at sun.reflect.NativeMethodAccessorImpl.invoke0(Native Method)
	at sun.reflect.NativeMethodAccessorImpl.invoke(NativeMethodAccessorImpl.java:62)
	at sun.reflect.DelegatingMethodAccessorImpl.invoke(DelegatingMethodAccessorImpl.java:43)
	at java.lang.reflect.Method.invoke(Method.java:498)
	at org.apache.maven.surefire.util.ReflectionUtils.invokeMethodWithArray(ReflectionUtils.java:189)
	at org.apache.maven.surefire.booter.ProviderFactory$ProviderProxy.invoke(ProviderFactory.java:165)
	at org.apache.maven.surefire.booter.ProviderFactory.invokeProvider(ProviderFactory.java:85)
	at org.apache.maven.surefire.booter.ForkedBooter.runSuitesInProcess(ForkedBooter.java:115)
	at org.apache.maven.surefire.booter.ForkedBooter.main(ForkedBooter.java:75)
]]>
            </full-stacktrace>
          </exception>
        </test-method>
        <test-method status="PASS" signature="getResults(org.testng.ITestResult)" name="getResults" is-config="true" duration-ms="0" started-at="2018-12-21T09:12:37Z" finished-at="2018-12-21T09:12:37Z">
          <params>
            <param index="0">
              <value>
                <![CDATA[[TestResult: CheckFacebookLink STATUS:SUCCESS METHOD:WittyFeedTestCases.WittyFeedHomePageTestcasesTest.CheckFacebookLink()]
]]>
              </value>
            </param>
          </params>
        </test-method>
        <test-method status="PASS" signature="getResults(org.testng.ITestResult)" name="getResults" is-config="true" duration-ms="3" started-at="2018-12-21T09:12:47Z" finished-at="2018-12-21T09:12:47Z">
          <params>
            <param index="0">
              <value>
                <![CDATA[[TestResult: CheckYouTubeLink STATUS:FAILURE METHOD:WittyFeedTestCases.WittyFeedHomePageTestcasesTest.CheckYouTubeLink()]
]]>
              </value>
            </param>
          </params>
        </test-method>
        <test-method status="FAIL" signature="CheckFeaturedPostImage()" name="CheckFeaturedPostImage" duration-ms="10057" started-at="2018-12-21T09:12:47Z" finished-at="2018-12-21T09:12:57Z">
          <exception class="java.lang.AssertionError">
            <message>
              <![CDATA[expected:<1> but was:<0>]]>
            </message>
            <full-stacktrace>
              <![CDATA[java.lang.AssertionError: expected:<1> but was:<0>
	at org.testng.Assert.fail(Assert.java:89)
	at org.testng.Assert.failNotEquals(Assert.java:489)
	at org.testng.Assert.assertEquals(Assert.java:118)
	at org.testng.Assert.assertEquals(Assert.java:365)
	at org.testng.Assert.assertEquals(Assert.java:375)
	at PagesOnWittyFeedTv.WittyFeedHomePage.FeaturedPostImage(WittyFeedHomePage.java:140)
	at WittyFeedTestCases.WittyFeedHomePageTestcasesTest.CheckFeaturedPostImage(WittyFeedHomePageTestcasesTest.java:116)
	at sun.reflect.NativeMethodAccessorImpl.invoke0(Native Method)
	at sun.reflect.NativeMethodAccessorImpl.invoke(NativeMethodAccessorImpl.java:62)
	at sun.reflect.DelegatingMethodAccessorImpl.invoke(DelegatingMethodAccessorImpl.java:43)
	at java.lang.reflect.Method.invoke(Method.java:498)
	at org.testng.internal.MethodInvocationHelper.invokeMethod(MethodInvocationHelper.java:80)
	at org.testng.internal.Invoker.invokeMethod(Invoker.java:673)
	at org.testng.internal.Invoker.invokeTestMethod(Invoker.java:842)
	at org.testng.internal.Invoker.invokeTestMethods(Invoker.java:1166)
	at org.testng.internal.TestMethodWorker.invokeTestMethods(TestMethodWorker.java:125)
	at org.testng.internal.TestMethodWorker.run(TestMethodWorker.java:109)
	at org.testng.TestRunner.runWorkers(TestRunner.java:1178)
	at org.testng.TestRunner.privateRun(TestRunner.java:757)
	at org.testng.TestRunner.run(TestRunner.java:608)
	at org.testng.SuiteRunner.runTest(SuiteRunner.java:334)
	at org.testng.SuiteRunner.runSequentially(SuiteRunner.java:329)
	at org.testng.SuiteRunner.privateRun(SuiteRunner.java:291)
	at org.testng.SuiteRunner.run(SuiteRunner.java:240)
	at org.testng.SuiteRunnerWorker.runSuite(SuiteRunnerWorker.java:52)
	at org.testng.SuiteRunnerWorker.run(SuiteRunnerWorker.java:86)
	at org.testng.TestNG.runSuitesSequentially(TestNG.java:1158)
	at org.testng.TestNG.runSuitesLocally(TestNG.java:1083)
	at org.testng.TestNG.run(TestNG.java:999)
	at org.apache.maven.surefire.testng.TestNGExecutor.run(TestNGExecutor.java:77)
	at org.apache.maven.surefire.testng.TestNGDirectoryTestSuite.executeMulti(TestNGDirectoryTestSuite.java:159)
	at org.apache.maven.surefire.testng.TestNGDirectoryTestSuite.execute(TestNGDirectoryTestSuite.java:99)
	at org.apache.maven.surefire.testng.TestNGProvider.invoke(TestNGProvider.java:106)
	at sun.reflect.NativeMethodAccessorImpl.invoke0(Native Method)
	at sun.reflect.NativeMethodAccessorImpl.invoke(NativeMethodAccessorImpl.java:62)
	at sun.reflect.DelegatingMethodAccessorImpl.invoke(DelegatingMethodAccessorImpl.java:43)
	at java.lang.reflect.Method.invoke(Method.java:498)
	at org.apache.maven.surefire.util.ReflectionUtils.invokeMethodWithArray(ReflectionUtils.java:189)
	at org.apache.maven.surefire.booter.ProviderFactory$ProviderProxy.invoke(ProviderFactory.java:165)
	at org.apache.maven.surefire.booter.ProviderFactory.invokeProvider(ProviderFactory.java:85)
	at org.apache.maven.surefire.booter.ForkedBooter.runSuitesInProcess(ForkedBooter.java:115)
	at org.apache.maven.surefire.booter.ForkedBooter.main(ForkedBooter.java:75)
]]>
            </full-stacktrace>
          </exception>
        </test-method>
        <test-method status="PASS" signature="getResults(org.testng.ITestResult)" name="getResults" is-config="true" duration-ms="1" started-at="2018-12-21T09:12:57Z" finished-at="2018-12-21T09:12:57Z">
          <params>
            <param index="0">
              <value>
                <![CDATA[[TestResult: CheckFeaturedPostImage STATUS:FAILURE METHOD:WittyFeedTestCases.WittyFeedHomePageTestcasesTest.CheckFeaturedPostImage()]
]]>
              </value>
            </param>
          </params>
        </test-method>
        <test-method status="FAIL" signature="CheckFeaturedPostTitle()" name="CheckFeaturedPostTitle" duration-ms="10052" started-at="2018-12-21T09:12:57Z" finished-at="2018-12-21T09:13:07Z">
          <exception class="java.lang.AssertionError">
            <message>
              <![CDATA[expected:<1> but was:<0>]]>
            </message>
            <full-stacktrace>
              <![CDATA[java.lang.AssertionError: expected:<1> but was:<0>
	at org.testng.Assert.fail(Assert.java:89)
	at org.testng.Assert.failNotEquals(Assert.java:489)
	at org.testng.Assert.assertEquals(Assert.java:118)
	at org.testng.Assert.assertEquals(Assert.java:365)
	at org.testng.Assert.assertEquals(Assert.java:375)
	at PagesOnWittyFeedTv.WittyFeedHomePage.FeaturedPostTitle(WittyFeedHomePage.java:145)
	at WittyFeedTestCases.WittyFeedHomePageTestcasesTest.CheckFeaturedPostTitle(WittyFeedHomePageTestcasesTest.java:122)
	at sun.reflect.NativeMethodAccessorImpl.invoke0(Native Method)
	at sun.reflect.NativeMethodAccessorImpl.invoke(NativeMethodAccessorImpl.java:62)
	at sun.reflect.DelegatingMethodAccessorImpl.invoke(DelegatingMethodAccessorImpl.java:43)
	at java.lang.reflect.Method.invoke(Method.java:498)
	at org.testng.internal.MethodInvocationHelper.invokeMethod(MethodInvocationHelper.java:80)
	at org.testng.internal.Invoker.invokeMethod(Invoker.java:673)
	at org.testng.internal.Invoker.invokeTestMethod(Invoker.java:842)
	at org.testng.internal.Invoker.invokeTestMethods(Invoker.java:1166)
	at org.testng.internal.TestMethodWorker.invokeTestMethods(TestMethodWorker.java:125)
	at org.testng.internal.TestMethodWorker.run(TestMethodWorker.java:109)
	at org.testng.TestRunner.runWorkers(TestRunner.java:1178)
	at org.testng.TestRunner.privateRun(TestRunner.java:757)
	at org.testng.TestRunner.run(TestRunner.java:608)
	at org.testng.SuiteRunner.runTest(SuiteRunner.java:334)
	at org.testng.SuiteRunner.runSequentially(SuiteRunner.java:329)
	at org.testng.SuiteRunner.privateRun(SuiteRunner.java:291)
	at org.testng.SuiteRunner.run(SuiteRunner.java:240)
	at org.testng.SuiteRunnerWorker.runSuite(SuiteRunnerWorker.java:52)
	at org.testng.SuiteRunnerWorker.run(SuiteRunnerWorker.java:86)
	at org.testng.TestNG.runSuitesSequentially(TestNG.java:1158)
	at org.testng.TestNG.runSuitesLocally(TestNG.java:1083)
	at org.testng.TestNG.run(TestNG.java:999)
	at org.apache.maven.surefire.testng.TestNGExecutor.run(TestNGExecutor.java:77)
	at org.apache.maven.surefire.testng.TestNGDirectoryTestSuite.executeMulti(TestNGDirectoryTestSuite.java:159)
	at org.apache.maven.surefire.testng.TestNGDirectoryTestSuite.execute(TestNGDirectoryTestSuite.java:99)
	at org.apache.maven.surefire.testng.TestNGProvider.invoke(TestNGProvider.java:106)
	at sun.reflect.NativeMethodAccessorImpl.invoke0(Native Method)
	at sun.reflect.NativeMethodAccessorImpl.invoke(NativeMethodAccessorImpl.java:62)
	at sun.reflect.DelegatingMethodAccessorImpl.invoke(DelegatingMethodAccessorImpl.java:43)
	at java.lang.reflect.Method.invoke(Method.java:498)
	at org.apache.maven.surefire.util.ReflectionUtils.invokeMethodWithArray(ReflectionUtils.java:189)
	at org.apache.maven.surefire.booter.ProviderFactory$ProviderProxy.invoke(ProviderFactory.java:165)
	at org.apache.maven.surefire.booter.ProviderFactory.invokeProvider(ProviderFactory.java:85)
	at org.apache.maven.surefire.booter.ForkedBooter.runSuitesInProcess(ForkedBooter.java:115)
	at org.apache.maven.surefire.booter.ForkedBooter.main(ForkedBooter.java:75)
]]>
            </full-stacktrace>
          </exception>
        </test-method>
        <test-method status="PASS" signature="getResults(org.testng.ITestResult)" name="getResults" is-config="true" duration-ms="1" started-at="2018-12-21T09:13:07Z" finished-at="2018-12-21T09:13:07Z">
          <params>
            <param index="0">
              <value>
                <![CDATA[[TestResult: CheckFeaturedPostTitle STATUS:FAILURE METHOD:WittyFeedTestCases.WittyFeedHomePageTestcasesTest.CheckFeaturedPostTitle()]
]]>
              </value>
            </param>
          </params>
        </test-method>
        <test-method status="FAIL" signature="CheckFeaturedPostAuthor()" name="CheckFeaturedPostAuthor" duration-ms="10039" started-at="2018-12-21T09:13:07Z" finished-at="2018-12-21T09:13:18Z">
          <exception class="java.lang.AssertionError">
            <message>
              <![CDATA[expected:<1> but was:<0>]]>
            </message>
            <full-stacktrace>
              <![CDATA[java.lang.AssertionError: expected:<1> but was:<0>
	at org.testng.Assert.fail(Assert.java:89)
	at org.testng.Assert.failNotEquals(Assert.java:489)
	at org.testng.Assert.assertEquals(Assert.java:118)
	at org.testng.Assert.assertEquals(Assert.java:365)
	at org.testng.Assert.assertEquals(Assert.java:375)
	at PagesOnWittyFeedTv.WittyFeedHomePage.FeaturedPostAuthor(WittyFeedHomePage.java:151)
	at WittyFeedTestCases.WittyFeedHomePageTestcasesTest.CheckFeaturedPostAuthor(WittyFeedHomePageTestcasesTest.java:129)
	at sun.reflect.NativeMethodAccessorImpl.invoke0(Native Method)
	at sun.reflect.NativeMethodAccessorImpl.invoke(NativeMethodAccessorImpl.java:62)
	at sun.reflect.DelegatingMethodAccessorImpl.invoke(DelegatingMethodAccessorImpl.java:43)
	at java.lang.reflect.Method.invoke(Method.java:498)
	at org.testng.internal.MethodInvocationHelper.invokeMethod(MethodInvocationHelper.java:80)
	at org.testng.internal.Invoker.invokeMethod(Invoker.java:673)
	at org.testng.internal.Invoker.invokeTestMethod(Invoker.java:842)
	at org.testng.internal.Invoker.invokeTestMethods(Invoker.java:1166)
	at org.testng.internal.TestMethodWorker.invokeTestMethods(TestMethodWorker.java:125)
	at org.testng.internal.TestMethodWorker.run(TestMethodWorker.java:109)
	at org.testng.TestRunner.runWorkers(TestRunner.java:1178)
	at org.testng.TestRunner.privateRun(TestRunner.java:757)
	at org.testng.TestRunner.run(TestRunner.java:608)
	at org.testng.SuiteRunner.runTest(SuiteRunner.java:334)
	at org.testng.SuiteRunner.runSequentially(SuiteRunner.java:329)
	at org.testng.SuiteRunner.privateRun(SuiteRunner.java:291)
	at org.testng.SuiteRunner.run(SuiteRunner.java:240)
	at org.testng.SuiteRunnerWorker.runSuite(SuiteRunnerWorker.java:52)
	at org.testng.SuiteRunnerWorker.run(SuiteRunnerWorker.java:86)
	at org.testng.TestNG.runSuitesSequentially(TestNG.java:1158)
	at org.testng.TestNG.runSuitesLocally(TestNG.java:1083)
	at org.testng.TestNG.run(TestNG.java:999)
	at org.apache.maven.surefire.testng.TestNGExecutor.run(TestNGExecutor.java:77)
	at org.apache.maven.surefire.testng.TestNGDirectoryTestSuite.executeMulti(TestNGDirectoryTestSuite.java:159)
	at org.apache.maven.surefire.testng.TestNGDirectoryTestSuite.execute(TestNGDirectoryTestSuite.java:99)
	at org.apache.maven.surefire.testng.TestNGProvider.invoke(TestNGProvider.java:106)
	at sun.reflect.NativeMethodAccessorImpl.invoke0(Native Method)
	at sun.reflect.NativeMethodAccessorImpl.invoke(NativeMethodAccessorImpl.java:62)
	at sun.reflect.DelegatingMethodAccessorImpl.invoke(DelegatingMethodAccessorImpl.java:43)
	at java.lang.reflect.Method.invoke(Method.java:498)
	at org.apache.maven.surefire.util.ReflectionUtils.invokeMethodWithArray(ReflectionUtils.java:189)
	at org.apache.maven.surefire.booter.ProviderFactory$ProviderProxy.invoke(ProviderFactory.java:165)
	at org.apache.maven.surefire.booter.ProviderFactory.invokeProvider(ProviderFactory.java:85)
	at org.apache.maven.surefire.booter.ForkedBooter.runSuitesInProcess(ForkedBooter.java:115)
	at org.apache.maven.surefire.booter.ForkedBooter.main(ForkedBooter.java:75)
]]>
            </full-stacktrace>
          </exception>
        </test-method>
        <test-method status="PASS" signature="getResults(org.testng.ITestResult)" name="getResults" is-config="true" duration-ms="1" started-at="2018-12-21T09:13:18Z" finished-at="2018-12-21T09:13:18Z">
          <params>
            <param index="0">
              <value>
                <![CDATA[[TestResult: CheckFeaturedPostAuthor STATUS:FAILURE METHOD:WittyFeedTestCases.WittyFeedHomePageTestcasesTest.CheckFeaturedPostAuthor()]
]]>
              </value>
            </param>
          </params>
        </test-method>
        <test-method status="FAIL" signature="CheckSecondPostImage()" name="CheckSecondPostImage" duration-ms="10038" started-at="2018-12-21T09:13:18Z" finished-at="2018-12-21T09:13:28Z">
          <exception class="java.lang.AssertionError">
            <message>
              <![CDATA[expected:<1> but was:<0>]]>
            </message>
            <full-stacktrace>
              <![CDATA[java.lang.AssertionError: expected:<1> but was:<0>
	at org.testng.Assert.fail(Assert.java:89)
	at org.testng.Assert.failNotEquals(Assert.java:489)
	at org.testng.Assert.assertEquals(Assert.java:118)
	at org.testng.Assert.assertEquals(Assert.java:365)
	at org.testng.Assert.assertEquals(Assert.java:375)
	at PagesOnWittyFeedTv.WittyFeedHomePage.SecondPostImage(WittyFeedHomePage.java:157)
	at WittyFeedTestCases.WittyFeedHomePageTestcasesTest.CheckSecondPostImage(WittyFeedHomePageTestcasesTest.java:135)
	at sun.reflect.NativeMethodAccessorImpl.invoke0(Native Method)
	at sun.reflect.NativeMethodAccessorImpl.invoke(NativeMethodAccessorImpl.java:62)
	at sun.reflect.DelegatingMethodAccessorImpl.invoke(DelegatingMethodAccessorImpl.java:43)
	at java.lang.reflect.Method.invoke(Method.java:498)
	at org.testng.internal.MethodInvocationHelper.invokeMethod(MethodInvocationHelper.java:80)
	at org.testng.internal.Invoker.invokeMethod(Invoker.java:673)
	at org.testng.internal.Invoker.invokeTestMethod(Invoker.java:842)
	at org.testng.internal.Invoker.invokeTestMethods(Invoker.java:1166)
	at org.testng.internal.TestMethodWorker.invokeTestMethods(TestMethodWorker.java:125)
	at org.testng.internal.TestMethodWorker.run(TestMethodWorker.java:109)
	at org.testng.TestRunner.runWorkers(TestRunner.java:1178)
	at org.testng.TestRunner.privateRun(TestRunner.java:757)
	at org.testng.TestRunner.run(TestRunner.java:608)
	at org.testng.SuiteRunner.runTest(SuiteRunner.java:334)
	at org.testng.SuiteRunner.runSequentially(SuiteRunner.java:329)
	at org.testng.SuiteRunner.privateRun(SuiteRunner.java:291)
	at org.testng.SuiteRunner.run(SuiteRunner.java:240)
	at org.testng.SuiteRunnerWorker.runSuite(SuiteRunnerWorker.java:52)
	at org.testng.SuiteRunnerWorker.run(SuiteRunnerWorker.java:86)
	at org.testng.TestNG.runSuitesSequentially(TestNG.java:1158)
	at org.testng.TestNG.runSuitesLocally(TestNG.java:1083)
	at org.testng.TestNG.run(TestNG.java:999)
	at org.apache.maven.surefire.testng.TestNGExecutor.run(TestNGExecutor.java:77)
	at org.apache.maven.surefire.testng.TestNGDirectoryTestSuite.executeMulti(TestNGDirectoryTestSuite.java:159)
	at org.apache.maven.surefire.testng.TestNGDirectoryTestSuite.execute(TestNGDirectoryTestSuite.java:99)
	at org.apache.maven.surefire.testng.TestNGProvider.invoke(TestNGProvider.java:106)
	at sun.reflect.NativeMethodAccessorImpl.invoke0(Native Method)
	at sun.reflect.NativeMethodAccessorImpl.invoke(NativeMethodAccessorImpl.java:62)
	at sun.reflect.DelegatingMethodAccessorImpl.invoke(DelegatingMethodAccessorImpl.java:43)
	at java.lang.reflect.Method.invoke(Method.java:498)
	at org.apache.maven.surefire.util.ReflectionUtils.invokeMethodWithArray(ReflectionUtils.java:189)
	at org.apache.maven.surefire.booter.ProviderFactory$ProviderProxy.invoke(ProviderFactory.java:165)
	at org.apache.maven.surefire.booter.ProviderFactory.invokeProvider(ProviderFactory.java:85)
	at org.apache.maven.surefire.booter.ForkedBooter.runSuitesInProcess(ForkedBooter.java:115)
	at org.apache.maven.surefire.booter.ForkedBooter.main(ForkedBooter.java:75)
]]>
            </full-stacktrace>
          </exception>
        </test-method>
        <test-method status="PASS" signature="getResults(org.testng.ITestResult)" name="getResults" is-config="true" duration-ms="1" started-at="2018-12-21T09:13:28Z" finished-at="2018-12-21T09:13:28Z">
          <params>
            <param index="0">
              <value>
                <![CDATA[[TestResult: CheckSecondPostImage STATUS:FAILURE METHOD:WittyFeedTestCases.WittyFeedHomePageTestcasesTest.CheckSecondPostImage()]
]]>
              </value>
            </param>
          </params>
        </test-method>
        <test-method status="FAIL" signature="CheckSecondPostTitle()" name="CheckSecondPostTitle" duration-ms="10036" started-at="2018-12-21T09:13:28Z" finished-at="2018-12-21T09:13:38Z">
          <exception class="java.lang.AssertionError">
            <message>
              <![CDATA[expected:<1> but was:<0>]]>
            </message>
            <full-stacktrace>
              <![CDATA[java.lang.AssertionError: expected:<1> but was:<0>
	at org.testng.Assert.fail(Assert.java:89)
	at org.testng.Assert.failNotEquals(Assert.java:489)
	at org.testng.Assert.assertEquals(Assert.java:118)
	at org.testng.Assert.assertEquals(Assert.java:365)
	at org.testng.Assert.assertEquals(Assert.java:375)
	at PagesOnWittyFeedTv.WittyFeedHomePage.SecondPostTitle(WittyFeedHomePage.java:162)
	at WittyFeedTestCases.WittyFeedHomePageTestcasesTest.CheckSecondPostTitle(WittyFeedHomePageTestcasesTest.java:141)
	at sun.reflect.NativeMethodAccessorImpl.invoke0(Native Method)
	at sun.reflect.NativeMethodAccessorImpl.invoke(NativeMethodAccessorImpl.java:62)
	at sun.reflect.DelegatingMethodAccessorImpl.invoke(DelegatingMethodAccessorImpl.java:43)
	at java.lang.reflect.Method.invoke(Method.java:498)
	at org.testng.internal.MethodInvocationHelper.invokeMethod(MethodInvocationHelper.java:80)
	at org.testng.internal.Invoker.invokeMethod(Invoker.java:673)
	at org.testng.internal.Invoker.invokeTestMethod(Invoker.java:842)
	at org.testng.internal.Invoker.invokeTestMethods(Invoker.java:1166)
	at org.testng.internal.TestMethodWorker.invokeTestMethods(TestMethodWorker.java:125)
	at org.testng.internal.TestMethodWorker.run(TestMethodWorker.java:109)
	at org.testng.TestRunner.runWorkers(TestRunner.java:1178)
	at org.testng.TestRunner.privateRun(TestRunner.java:757)
	at org.testng.TestRunner.run(TestRunner.java:608)
	at org.testng.SuiteRunner.runTest(SuiteRunner.java:334)
	at org.testng.SuiteRunner.runSequentially(SuiteRunner.java:329)
	at org.testng.SuiteRunner.privateRun(SuiteRunner.java:291)
	at org.testng.SuiteRunner.run(SuiteRunner.java:240)
	at org.testng.SuiteRunnerWorker.runSuite(SuiteRunnerWorker.java:52)
	at org.testng.SuiteRunnerWorker.run(SuiteRunnerWorker.java:86)
	at org.testng.TestNG.runSuitesSequentially(TestNG.java:1158)
	at org.testng.TestNG.runSuitesLocally(TestNG.java:1083)
	at org.testng.TestNG.run(TestNG.java:999)
	at org.apache.maven.surefire.testng.TestNGExecutor.run(TestNGExecutor.java:77)
	at org.apache.maven.surefire.testng.TestNGDirectoryTestSuite.executeMulti(TestNGDirectoryTestSuite.java:159)
	at org.apache.maven.surefire.testng.TestNGDirectoryTestSuite.execute(TestNGDirectoryTestSuite.java:99)
	at org.apache.maven.surefire.testng.TestNGProvider.invoke(TestNGProvider.java:106)
	at sun.reflect.NativeMethodAccessorImpl.invoke0(Native Method)
	at sun.reflect.NativeMethodAccessorImpl.invoke(NativeMethodAccessorImpl.java:62)
	at sun.reflect.DelegatingMethodAccessorImpl.invoke(DelegatingMethodAccessorImpl.java:43)
	at java.lang.reflect.Method.invoke(Method.java:498)
	at org.apache.maven.surefire.util.ReflectionUtils.invokeMethodWithArray(ReflectionUtils.java:189)
	at org.apache.maven.surefire.booter.ProviderFactory$ProviderProxy.invoke(ProviderFactory.java:165)
	at org.apache.maven.surefire.booter.ProviderFactory.invokeProvider(ProviderFactory.java:85)
	at org.apache.maven.surefire.booter.ForkedBooter.runSuitesInProcess(ForkedBooter.java:115)
	at org.apache.maven.surefire.booter.ForkedBooter.main(ForkedBooter.java:75)
]]>
            </full-stacktrace>
          </exception>
        </test-method>
        <test-method status="PASS" signature="getResults(org.testng.ITestResult)" name="getResults" is-config="true" duration-ms="1" started-at="2018-12-21T09:13:38Z" finished-at="2018-12-21T09:13:38Z">
          <params>
            <param index="0">
              <value>
                <![CDATA[[TestResult: CheckSecondPostTitle STATUS:FAILURE METHOD:WittyFeedTestCases.WittyFeedHomePageTestcasesTest.CheckSecondPostTitle()]
]]>
              </value>
            </param>
          </params>
        </test-method>
        <test-method status="FAIL" signature="CheckSecondPostAuthor()" name="CheckSecondPostAuthor" duration-ms="10026" started-at="2018-12-21T09:13:38Z" finished-at="2018-12-21T09:13:48Z">
          <exception class="java.lang.AssertionError">
            <message>
              <![CDATA[expected:<1> but was:<0>]]>
            </message>
            <full-stacktrace>
              <![CDATA[java.lang.AssertionError: expected:<1> but was:<0>
	at org.testng.Assert.fail(Assert.java:89)
	at org.testng.Assert.failNotEquals(Assert.java:489)
	at org.testng.Assert.assertEquals(Assert.java:118)
	at org.testng.Assert.assertEquals(Assert.java:365)
	at org.testng.Assert.assertEquals(Assert.java:375)
	at PagesOnWittyFeedTv.WittyFeedHomePage.SecondPostAuthor(WittyFeedHomePage.java:168)
	at WittyFeedTestCases.WittyFeedHomePageTestcasesTest.CheckSecondPostAuthor(WittyFeedHomePageTestcasesTest.java:148)
	at sun.reflect.NativeMethodAccessorImpl.invoke0(Native Method)
	at sun.reflect.NativeMethodAccessorImpl.invoke(NativeMethodAccessorImpl.java:62)
	at sun.reflect.DelegatingMethodAccessorImpl.invoke(DelegatingMethodAccessorImpl.java:43)
	at java.lang.reflect.Method.invoke(Method.java:498)
	at org.testng.internal.MethodInvocationHelper.invokeMethod(MethodInvocationHelper.java:80)
	at org.testng.internal.Invoker.invokeMethod(Invoker.java:673)
	at org.testng.internal.Invoker.invokeTestMethod(Invoker.java:842)
	at org.testng.internal.Invoker.invokeTestMethods(Invoker.java:1166)
	at org.testng.internal.TestMethodWorker.invokeTestMethods(TestMethodWorker.java:125)
	at org.testng.internal.TestMethodWorker.run(TestMethodWorker.java:109)
	at org.testng.TestRunner.runWorkers(TestRunner.java:1178)
	at org.testng.TestRunner.privateRun(TestRunner.java:757)
	at org.testng.TestRunner.run(TestRunner.java:608)
	at org.testng.SuiteRunner.runTest(SuiteRunner.java:334)
	at org.testng.SuiteRunner.runSequentially(SuiteRunner.java:329)
	at org.testng.SuiteRunner.privateRun(SuiteRunner.java:291)
	at org.testng.SuiteRunner.run(SuiteRunner.java:240)
	at org.testng.SuiteRunnerWorker.runSuite(SuiteRunnerWorker.java:52)
	at org.testng.SuiteRunnerWorker.run(SuiteRunnerWorker.java:86)
	at org.testng.TestNG.runSuitesSequentially(TestNG.java:1158)
	at org.testng.TestNG.runSuitesLocally(TestNG.java:1083)
	at org.testng.TestNG.run(TestNG.java:999)
	at org.apache.maven.surefire.testng.TestNGExecutor.run(TestNGExecutor.java:77)
	at org.apache.maven.surefire.testng.TestNGDirectoryTestSuite.executeMulti(TestNGDirectoryTestSuite.java:159)
	at org.apache.maven.surefire.testng.TestNGDirectoryTestSuite.execute(TestNGDirectoryTestSuite.java:99)
	at org.apache.maven.surefire.testng.TestNGProvider.invoke(TestNGProvider.java:106)
	at sun.reflect.NativeMethodAccessorImpl.invoke0(Native Method)
	at sun.reflect.NativeMethodAccessorImpl.invoke(NativeMethodAccessorImpl.java:62)
	at sun.reflect.DelegatingMethodAccessorImpl.invoke(DelegatingMethodAccessorImpl.java:43)
	at java.lang.reflect.Method.invoke(Method.java:498)
	at org.apache.maven.surefire.util.ReflectionUtils.invokeMethodWithArray(ReflectionUtils.java:189)
	at org.apache.maven.surefire.booter.ProviderFactory$ProviderProxy.invoke(ProviderFactory.java:165)
	at org.apache.maven.surefire.booter.ProviderFactory.invokeProvider(ProviderFactory.java:85)
	at org.apache.maven.surefire.booter.ForkedBooter.runSuitesInProcess(ForkedBooter.java:115)
	at org.apache.maven.surefire.booter.ForkedBooter.main(ForkedBooter.java:75)
]]>
            </full-stacktrace>
          </exception>
        </test-method>
        <test-method status="PASS" signature="getResults(org.testng.ITestResult)" name="getResults" is-config="true" duration-ms="0" started-at="2018-12-21T09:13:48Z" finished-at="2018-12-21T09:13:48Z">
          <params>
            <param index="0">
              <value>
                <![CDATA[[TestResult: CheckSecondPostAuthor STATUS:FAILURE METHOD:WittyFeedTestCases.WittyFeedHomePageTestcasesTest.CheckSecondPostAuthor()]
]]>
              </value>
            </param>
          </params>
        </test-method>
        <test-method status="FAIL" signature="CheckThirdPostImage()" name="CheckThirdPostImage" duration-ms="10033" started-at="2018-12-21T09:13:48Z" finished-at="2018-12-21T09:13:58Z">
          <exception class="java.lang.AssertionError">
            <message>
              <![CDATA[expected:<1> but was:<0>]]>
            </message>
            <full-stacktrace>
              <![CDATA[java.lang.AssertionError: expected:<1> but was:<0>
	at org.testng.Assert.fail(Assert.java:89)
	at org.testng.Assert.failNotEquals(Assert.java:489)
	at org.testng.Assert.assertEquals(Assert.java:118)
	at org.testng.Assert.assertEquals(Assert.java:365)
	at org.testng.Assert.assertEquals(Assert.java:375)
	at PagesOnWittyFeedTv.WittyFeedHomePage.ThirdPostImage(WittyFeedHomePage.java:174)
	at WittyFeedTestCases.WittyFeedHomePageTestcasesTest.CheckThirdPostImage(WittyFeedHomePageTestcasesTest.java:155)
	at sun.reflect.NativeMethodAccessorImpl.invoke0(Native Method)
	at sun.reflect.NativeMethodAccessorImpl.invoke(NativeMethodAccessorImpl.java:62)
	at sun.reflect.DelegatingMethodAccessorImpl.invoke(DelegatingMethodAccessorImpl.java:43)
	at java.lang.reflect.Method.invoke(Method.java:498)
	at org.testng.internal.MethodInvocationHelper.invokeMethod(MethodInvocationHelper.java:80)
	at org.testng.internal.Invoker.invokeMethod(Invoker.java:673)
	at org.testng.internal.Invoker.invokeTestMethod(Invoker.java:842)
	at org.testng.internal.Invoker.invokeTestMethods(Invoker.java:1166)
	at org.testng.internal.TestMethodWorker.invokeTestMethods(TestMethodWorker.java:125)
	at org.testng.internal.TestMethodWorker.run(TestMethodWorker.java:109)
	at org.testng.TestRunner.runWorkers(TestRunner.java:1178)
	at org.testng.TestRunner.privateRun(TestRunner.java:757)
	at org.testng.TestRunner.run(TestRunner.java:608)
	at org.testng.SuiteRunner.runTest(SuiteRunner.java:334)
	at org.testng.SuiteRunner.runSequentially(SuiteRunner.java:329)
	at org.testng.SuiteRunner.privateRun(SuiteRunner.java:291)
	at org.testng.SuiteRunner.run(SuiteRunner.java:240)
	at org.testng.SuiteRunnerWorker.runSuite(SuiteRunnerWorker.java:52)
	at org.testng.SuiteRunnerWorker.run(SuiteRunnerWorker.java:86)
	at org.testng.TestNG.runSuitesSequentially(TestNG.java:1158)
	at org.testng.TestNG.runSuitesLocally(TestNG.java:1083)
	at org.testng.TestNG.run(TestNG.java:999)
	at org.apache.maven.surefire.testng.TestNGExecutor.run(TestNGExecutor.java:77)
	at org.apache.maven.surefire.testng.TestNGDirectoryTestSuite.executeMulti(TestNGDirectoryTestSuite.java:159)
	at org.apache.maven.surefire.testng.TestNGDirectoryTestSuite.execute(TestNGDirectoryTestSuite.java:99)
	at org.apache.maven.surefire.testng.TestNGProvider.invoke(TestNGProvider.java:106)
	at sun.reflect.NativeMethodAccessorImpl.invoke0(Native Method)
	at sun.reflect.NativeMethodAccessorImpl.invoke(NativeMethodAccessorImpl.java:62)
	at sun.reflect.DelegatingMethodAccessorImpl.invoke(DelegatingMethodAccessorImpl.java:43)
	at java.lang.reflect.Method.invoke(Method.java:498)
	at org.apache.maven.surefire.util.ReflectionUtils.invokeMethodWithArray(ReflectionUtils.java:189)
	at org.apache.maven.surefire.booter.ProviderFactory$ProviderProxy.invoke(ProviderFactory.java:165)
	at org.apache.maven.surefire.booter.ProviderFactory.invokeProvider(ProviderFactory.java:85)
	at org.apache.maven.surefire.booter.ForkedBooter.runSuitesInProcess(ForkedBooter.java:115)
	at org.apache.maven.surefire.booter.ForkedBooter.main(ForkedBooter.java:75)
]]>
            </full-stacktrace>
          </exception>
        </test-method>
        <test-method status="PASS" signature="getResults(org.testng.ITestResult)" name="getResults" is-config="true" duration-ms="1" started-at="2018-12-21T09:13:58Z" finished-at="2018-12-21T09:13:58Z">
          <params>
            <param index="0">
              <value>
                <![CDATA[[TestResult: CheckThirdPostImage STATUS:FAILURE METHOD:WittyFeedTestCases.WittyFeedHomePageTestcasesTest.CheckThirdPostImage()]
]]>
              </value>
            </param>
          </params>
        </test-method>
        <test-method status="FAIL" signature="CheckThirdPostTitle()" name="CheckThirdPostTitle" duration-ms="10034" started-at="2018-12-21T09:13:58Z" finished-at="2018-12-21T09:14:08Z">
          <exception class="java.lang.AssertionError">
            <message>
              <![CDATA[expected:<1> but was:<0>]]>
            </message>
            <full-stacktrace>
              <![CDATA[java.lang.AssertionError: expected:<1> but was:<0>
	at org.testng.Assert.fail(Assert.java:89)
	at org.testng.Assert.failNotEquals(Assert.java:489)
	at org.testng.Assert.assertEquals(Assert.java:118)
	at org.testng.Assert.assertEquals(Assert.java:365)
	at org.testng.Assert.assertEquals(Assert.java:375)
	at PagesOnWittyFeedTv.WittyFeedHomePage.ThirdPostTitle(WittyFeedHomePage.java:179)
	at WittyFeedTestCases.WittyFeedHomePageTestcasesTest.CheckThirdPostTitle(WittyFeedHomePageTestcasesTest.java:161)
	at sun.reflect.NativeMethodAccessorImpl.invoke0(Native Method)
	at sun.reflect.NativeMethodAccessorImpl.invoke(NativeMethodAccessorImpl.java:62)
	at sun.reflect.DelegatingMethodAccessorImpl.invoke(DelegatingMethodAccessorImpl.java:43)
	at java.lang.reflect.Method.invoke(Method.java:498)
	at org.testng.internal.MethodInvocationHelper.invokeMethod(MethodInvocationHelper.java:80)
	at org.testng.internal.Invoker.invokeMethod(Invoker.java:673)
	at org.testng.internal.Invoker.invokeTestMethod(Invoker.java:842)
	at org.testng.internal.Invoker.invokeTestMethods(Invoker.java:1166)
	at org.testng.internal.TestMethodWorker.invokeTestMethods(TestMethodWorker.java:125)
	at org.testng.internal.TestMethodWorker.run(TestMethodWorker.java:109)
	at org.testng.TestRunner.runWorkers(TestRunner.java:1178)
	at org.testng.TestRunner.privateRun(TestRunner.java:757)
	at org.testng.TestRunner.run(TestRunner.java:608)
	at org.testng.SuiteRunner.runTest(SuiteRunner.java:334)
	at org.testng.SuiteRunner.runSequentially(SuiteRunner.java:329)
	at org.testng.SuiteRunner.privateRun(SuiteRunner.java:291)
	at org.testng.SuiteRunner.run(SuiteRunner.java:240)
	at org.testng.SuiteRunnerWorker.runSuite(SuiteRunnerWorker.java:52)
	at org.testng.SuiteRunnerWorker.run(SuiteRunnerWorker.java:86)
	at org.testng.TestNG.runSuitesSequentially(TestNG.java:1158)
	at org.testng.TestNG.runSuitesLocally(TestNG.java:1083)
	at org.testng.TestNG.run(TestNG.java:999)
	at org.apache.maven.surefire.testng.TestNGExecutor.run(TestNGExecutor.java:77)
	at org.apache.maven.surefire.testng.TestNGDirectoryTestSuite.executeMulti(TestNGDirectoryTestSuite.java:159)
	at org.apache.maven.surefire.testng.TestNGDirectoryTestSuite.execute(TestNGDirectoryTestSuite.java:99)
	at org.apache.maven.surefire.testng.TestNGProvider.invoke(TestNGProvider.java:106)
	at sun.reflect.NativeMethodAccessorImpl.invoke0(Native Method)
	at sun.reflect.NativeMethodAccessorImpl.invoke(NativeMethodAccessorImpl.java:62)
	at sun.reflect.DelegatingMethodAccessorImpl.invoke(DelegatingMethodAccessorImpl.java:43)
	at java.lang.reflect.Method.invoke(Method.java:498)
	at org.apache.maven.surefire.util.ReflectionUtils.invokeMethodWithArray(ReflectionUtils.java:189)
	at org.apache.maven.surefire.booter.ProviderFactory$ProviderProxy.invoke(ProviderFactory.java:165)
	at org.apache.maven.surefire.booter.ProviderFactory.invokeProvider(ProviderFactory.java:85)
	at org.apache.maven.surefire.booter.ForkedBooter.runSuitesInProcess(ForkedBooter.java:115)
	at org.apache.maven.surefire.booter.ForkedBooter.main(ForkedBooter.java:75)
]]>
            </full-stacktrace>
          </exception>
        </test-method>
        <test-method status="PASS" signature="getResults(org.testng.ITestResult)" name="getResults" is-config="true" duration-ms="1" started-at="2018-12-21T09:14:08Z" finished-at="2018-12-21T09:14:08Z">
          <params>
            <param index="0">
              <value>
                <![CDATA[[TestResult: CheckThirdPostTitle STATUS:FAILURE METHOD:WittyFeedTestCases.WittyFeedHomePageTestcasesTest.CheckThirdPostTitle()]
]]>
              </value>
            </param>
          </params>
        </test-method>
        <test-method status="FAIL" signature="CheckThirdPostAuthor()" name="CheckThirdPostAuthor" duration-ms="10036" started-at="2018-12-21T09:14:08Z" finished-at="2018-12-21T09:14:18Z">
          <exception class="java.lang.AssertionError">
            <message>
              <![CDATA[expected:<1> but was:<0>]]>
            </message>
            <full-stacktrace>
              <![CDATA[java.lang.AssertionError: expected:<1> but was:<0>
	at org.testng.Assert.fail(Assert.java:89)
	at org.testng.Assert.failNotEquals(Assert.java:489)
	at org.testng.Assert.assertEquals(Assert.java:118)
	at org.testng.Assert.assertEquals(Assert.java:365)
	at org.testng.Assert.assertEquals(Assert.java:375)
	at PagesOnWittyFeedTv.WittyFeedHomePage.ThirdPostAuthor(WittyFeedHomePage.java:186)
	at WittyFeedTestCases.WittyFeedHomePageTestcasesTest.CheckThirdPostAuthor(WittyFeedHomePageTestcasesTest.java:168)
	at sun.reflect.NativeMethodAccessorImpl.invoke0(Native Method)
	at sun.reflect.NativeMethodAccessorImpl.invoke(NativeMethodAccessorImpl.java:62)
	at sun.reflect.DelegatingMethodAccessorImpl.invoke(DelegatingMethodAccessorImpl.java:43)
	at java.lang.reflect.Method.invoke(Method.java:498)
	at org.testng.internal.MethodInvocationHelper.invokeMethod(MethodInvocationHelper.java:80)
	at org.testng.internal.Invoker.invokeMethod(Invoker.java:673)
	at org.testng.internal.Invoker.invokeTestMethod(Invoker.java:842)
	at org.testng.internal.Invoker.invokeTestMethods(Invoker.java:1166)
	at org.testng.internal.TestMethodWorker.invokeTestMethods(TestMethodWorker.java:125)
	at org.testng.internal.TestMethodWorker.run(TestMethodWorker.java:109)
	at org.testng.TestRunner.runWorkers(TestRunner.java:1178)
	at org.testng.TestRunner.privateRun(TestRunner.java:757)
	at org.testng.TestRunner.run(TestRunner.java:608)
	at org.testng.SuiteRunner.runTest(SuiteRunner.java:334)
	at org.testng.SuiteRunner.runSequentially(SuiteRunner.java:329)
	at org.testng.SuiteRunner.privateRun(SuiteRunner.java:291)
	at org.testng.SuiteRunner.run(SuiteRunner.java:240)
	at org.testng.SuiteRunnerWorker.runSuite(SuiteRunnerWorker.java:52)
	at org.testng.SuiteRunnerWorker.run(SuiteRunnerWorker.java:86)
	at org.testng.TestNG.runSuitesSequentially(TestNG.java:1158)
	at org.testng.TestNG.runSuitesLocally(TestNG.java:1083)
	at org.testng.TestNG.run(TestNG.java:999)
	at org.apache.maven.surefire.testng.TestNGExecutor.run(TestNGExecutor.java:77)
	at org.apache.maven.surefire.testng.TestNGDirectoryTestSuite.executeMulti(TestNGDirectoryTestSuite.java:159)
	at org.apache.maven.surefire.testng.TestNGDirectoryTestSuite.execute(TestNGDirectoryTestSuite.java:99)
	at org.apache.maven.surefire.testng.TestNGProvider.invoke(TestNGProvider.java:106)
	at sun.reflect.NativeMethodAccessorImpl.invoke0(Native Method)
	at sun.reflect.NativeMethodAccessorImpl.invoke(NativeMethodAccessorImpl.java:62)
	at sun.reflect.DelegatingMethodAccessorImpl.invoke(DelegatingMethodAccessorImpl.java:43)
	at java.lang.reflect.Method.invoke(Method.java:498)
	at org.apache.maven.surefire.util.ReflectionUtils.invokeMethodWithArray(ReflectionUtils.java:189)
	at org.apache.maven.surefire.booter.ProviderFactory$ProviderProxy.invoke(ProviderFactory.java:165)
	at org.apache.maven.surefire.booter.ProviderFactory.invokeProvider(ProviderFactory.java:85)
	at org.apache.maven.surefire.booter.ForkedBooter.runSuitesInProcess(ForkedBooter.java:115)
	at org.apache.maven.surefire.booter.ForkedBooter.main(ForkedBooter.java:75)
]]>
            </full-stacktrace>
          </exception>
        </test-method>
        <test-method status="PASS" signature="getResults(org.testng.ITestResult)" name="getResults" is-config="true" duration-ms="1" started-at="2018-12-21T09:14:18Z" finished-at="2018-12-21T09:14:18Z">
          <params>
            <param index="0">
              <value>
                <![CDATA[[TestResult: CheckThirdPostAuthor STATUS:FAILURE METHOD:WittyFeedTestCases.WittyFeedHomePageTestcasesTest.CheckThirdPostAuthor()]
]]>
              </value>
            </param>
          </params>
        </test-method>
        <test-method status="FAIL" signature="CheckLatestStoryImage()" name="CheckLatestStoryImage" duration-ms="10078" started-at="2018-12-21T09:14:18Z" finished-at="2018-12-21T09:14:28Z">
          <exception class="org.openqa.selenium.NoSuchElementException">
            <message>
              <![CDATA[no such element: Unable to locate element: {"method":"xpath","selector":"/html/body/app-root/app-home/div/div/div[5]/section/div/div/div/div[1]/div/a/div"}
  (Session info: headless chrome=71.0.3578.98)
  (Driver info: chromedriver=2.45.615279 (12b89733300bd268cff3b78fc76cb8f3a7cc44e5),platform=Linux 4.15.0-1029-aws x86_64) (WARNING: The server did not provide any stacktrace information)
Command duration or timeout: 0 milliseconds
For documentation on this error, please visit: http://seleniumhq.org/exceptions/no_such_element.html
Build info: version: '3.5.3', revision: 'a88d25fe6b', time: '2017-08-29T12:42:44.417Z'
System info: host: 'ip-10-1-1-254', ip: '10.1.1.254', os.name: 'Linux', os.arch: 'amd64', os.version: '4.15.0-1029-aws', java.version: '1.8.0_191'
Driver info: org.openqa.selenium.chrome.ChromeDriver
Capabilities [{mobileEmulationEnabled=false, timeouts={implicit=0, pageLoad=300000, script=30000}, hasTouchScreen=false, platform=LINUX, acceptSslCerts=false, goog:chromeOptions={debuggerAddress=localhost:33255}, acceptInsecureCerts=false, webStorageEnabled=true, browserName=chrome, takesScreenshot=true, javascriptEnabled=true, platformName=LINUX, setWindowRect=true, unexpectedAlertBehaviour=ignore, applicationCacheEnabled=false, rotatable=false, networkConnectionEnabled=false, chrome={chromedriverVersion=2.45.615279 (12b89733300bd268cff3b78fc76cb8f3a7cc44e5), userDataDir=/tmp/.org.chromium.Chromium.XNwJjF}, takesHeapSnapshot=true, unhandledPromptBehavior=ignore, pageLoadStrategy=normal, strictFileInteractability=false, databaseEnabled=false, handlesAlerts=true, version=71.0.3578.98, browserConnectionEnabled=false, proxy=Proxy(), nativeEvents=true, locationContextEnabled=true, cssSelectorsEnabled=true}]
Session ID: 4a960d1f98d74fbd3fa5c9f04a6435f4
*** Element info: {Using=xpath, value=/html/body/app-root/app-home/div/div/div[5]/section/div/div/div/div[1]/div/a/div}]]>
            </message>
            <full-stacktrace>
              <![CDATA[org.openqa.selenium.NoSuchElementException: no such element: Unable to locate element: {"method":"xpath","selector":"/html/body/app-root/app-home/div/div/div[5]/section/div/div/div/div[1]/div/a/div"}
  (Session info: headless chrome=71.0.3578.98)
  (Driver info: chromedriver=2.45.615279 (12b89733300bd268cff3b78fc76cb8f3a7cc44e5),platform=Linux 4.15.0-1029-aws x86_64) (WARNING: The server did not provide any stacktrace information)
Command duration or timeout: 0 milliseconds
For documentation on this error, please visit: http://seleniumhq.org/exceptions/no_such_element.html
Build info: version: '3.5.3', revision: 'a88d25fe6b', time: '2017-08-29T12:42:44.417Z'
System info: host: 'ip-10-1-1-254', ip: '10.1.1.254', os.name: 'Linux', os.arch: 'amd64', os.version: '4.15.0-1029-aws', java.version: '1.8.0_191'
Driver info: org.openqa.selenium.chrome.ChromeDriver
Capabilities [{mobileEmulationEnabled=false, timeouts={implicit=0, pageLoad=300000, script=30000}, hasTouchScreen=false, platform=LINUX, acceptSslCerts=false, goog:chromeOptions={debuggerAddress=localhost:33255}, acceptInsecureCerts=false, webStorageEnabled=true, browserName=chrome, takesScreenshot=true, javascriptEnabled=true, platformName=LINUX, setWindowRect=true, unexpectedAlertBehaviour=ignore, applicationCacheEnabled=false, rotatable=false, networkConnectionEnabled=false, chrome={chromedriverVersion=2.45.615279 (12b89733300bd268cff3b78fc76cb8f3a7cc44e5), userDataDir=/tmp/.org.chromium.Chromium.XNwJjF}, takesHeapSnapshot=true, unhandledPromptBehavior=ignore, pageLoadStrategy=normal, strictFileInteractability=false, databaseEnabled=false, handlesAlerts=true, version=71.0.3578.98, browserConnectionEnabled=false, proxy=Proxy(), nativeEvents=true, locationContextEnabled=true, cssSelectorsEnabled=true}]
Session ID: 4a960d1f98d74fbd3fa5c9f04a6435f4
*** Element info: {Using=xpath, value=/html/body/app-root/app-home/div/div/div[5]/section/div/div/div/div[1]/div/a/div}
	at sun.reflect.NativeConstructorAccessorImpl.newInstance0(Native Method)
	at sun.reflect.NativeConstructorAccessorImpl.newInstance(NativeConstructorAccessorImpl.java:62)
	at sun.reflect.DelegatingConstructorAccessorImpl.newInstance(DelegatingConstructorAccessorImpl.java:45)
	at java.lang.reflect.Constructor.newInstance(Constructor.java:423)
	at org.openqa.selenium.remote.ErrorHandler.createThrowable(ErrorHandler.java:215)
	at org.openqa.selenium.remote.ErrorHandler.throwIfResponseFailed(ErrorHandler.java:167)
	at org.openqa.selenium.remote.http.JsonHttpResponseCodec.reconstructValue(JsonHttpResponseCodec.java:40)
	at org.openqa.selenium.remote.http.AbstractHttpResponseCodec.decode(AbstractHttpResponseCodec.java:82)
	at org.openqa.selenium.remote.http.AbstractHttpResponseCodec.decode(AbstractHttpResponseCodec.java:45)
	at org.openqa.selenium.remote.HttpCommandExecutor.execute(HttpCommandExecutor.java:164)
	at org.openqa.selenium.remote.service.DriverCommandExecutor.execute(DriverCommandExecutor.java:82)
	at org.openqa.selenium.remote.RemoteWebDriver.execute(RemoteWebDriver.java:646)
	at org.openqa.selenium.remote.RemoteWebDriver.findElement(RemoteWebDriver.java:416)
	at org.openqa.selenium.remote.RemoteWebDriver.findElementByXPath(RemoteWebDriver.java:518)
	at org.openqa.selenium.By$ByXPath.findElement(By.java:361)
	at org.openqa.selenium.remote.RemoteWebDriver.findElement(RemoteWebDriver.java:408)
	at PagesOnWittyFeedTv.WittyFeedHomePage.LatestStoryImage(WittyFeedHomePage.java:192)
	at WittyFeedTestCases.WittyFeedHomePageTestcasesTest.CheckLatestStoryImage(WittyFeedHomePageTestcasesTest.java:175)
	at sun.reflect.NativeMethodAccessorImpl.invoke0(Native Method)
	at sun.reflect.NativeMethodAccessorImpl.invoke(NativeMethodAccessorImpl.java:62)
	at sun.reflect.DelegatingMethodAccessorImpl.invoke(DelegatingMethodAccessorImpl.java:43)
	at java.lang.reflect.Method.invoke(Method.java:498)
	at org.testng.internal.MethodInvocationHelper.invokeMethod(MethodInvocationHelper.java:80)
	at org.testng.internal.Invoker.invokeMethod(Invoker.java:673)
	at org.testng.internal.Invoker.invokeTestMethod(Invoker.java:842)
	at org.testng.internal.Invoker.invokeTestMethods(Invoker.java:1166)
	at org.testng.internal.TestMethodWorker.invokeTestMethods(TestMethodWorker.java:125)
	at org.testng.internal.TestMethodWorker.run(TestMethodWorker.java:109)
	at org.testng.TestRunner.runWorkers(TestRunner.java:1178)
	at org.testng.TestRunner.privateRun(TestRunner.java:757)
	at org.testng.TestRunner.run(TestRunner.java:608)
	at org.testng.SuiteRunner.runTest(SuiteRunner.java:334)
	at org.testng.SuiteRunner.runSequentially(SuiteRunner.java:329)
	at org.testng.SuiteRunner.privateRun(SuiteRunner.java:291)
	at org.testng.SuiteRunner.run(SuiteRunner.java:240)
	at org.testng.SuiteRunnerWorker.runSuite(SuiteRunnerWorker.java:52)
	at org.testng.SuiteRunnerWorker.run(SuiteRunnerWorker.java:86)
	at org.testng.TestNG.runSuitesSequentially(TestNG.java:1158)
	at org.testng.TestNG.runSuitesLocally(TestNG.java:1083)
	at org.testng.TestNG.run(TestNG.java:999)
	at org.apache.maven.surefire.testng.TestNGExecutor.run(TestNGExecutor.java:77)
	at org.apache.maven.surefire.testng.TestNGDirectoryTestSuite.executeMulti(TestNGDirectoryTestSuite.java:159)
	at org.apache.maven.surefire.testng.TestNGDirectoryTestSuite.execute(TestNGDirectoryTestSuite.java:99)
	at org.apache.maven.surefire.testng.TestNGProvider.invoke(TestNGProvider.java:106)
	at sun.reflect.NativeMethodAccessorImpl.invoke0(Native Method)
	at sun.reflect.NativeMethodAccessorImpl.invoke(NativeMethodAccessorImpl.java:62)
	at sun.reflect.DelegatingMethodAccessorImpl.invoke(DelegatingMethodAccessorImpl.java:43)
	at java.lang.reflect.Method.invoke(Method.java:498)
	at org.apache.maven.surefire.util.ReflectionUtils.invokeMethodWithArray(ReflectionUtils.java:189)
	at org.apache.maven.surefire.booter.ProviderFactory$ProviderProxy.invoke(ProviderFactory.java:165)
	at org.apache.maven.surefire.booter.ProviderFactory.invokeProvider(ProviderFactory.java:85)
	at org.apache.maven.surefire.booter.ForkedBooter.runSuitesInProcess(ForkedBooter.java:115)
	at org.apache.maven.surefire.booter.ForkedBooter.main(ForkedBooter.java:75)
]]>
            </full-stacktrace>
          </exception>
        </test-method>
        <test-method status="PASS" signature="getResults(org.testng.ITestResult)" name="getResults" is-config="true" duration-ms="1" started-at="2018-12-21T09:14:28Z" finished-at="2018-12-21T09:14:28Z">
          <params>
            <param index="0">
              <value>
                <![CDATA[[TestResult: CheckLatestStoryImage STATUS:FAILURE METHOD:WittyFeedTestCases.WittyFeedHomePageTestcasesTest.CheckLatestStoryImage()]
]]>
              </value>
            </param>
          </params>
        </test-method>
        <test-method status="FAIL" signature="CheckLatestStoryTitle()" name="CheckLatestStoryTitle" duration-ms="10054" started-at="2018-12-21T09:14:28Z" finished-at="2018-12-21T09:14:38Z">
          <exception class="org.openqa.selenium.NoSuchElementException">
            <message>
              <![CDATA[no such element: Unable to locate element: {"method":"css selector","selector":"div.vtpl_mosaicContainer:nth-child(5) > section:nth-child(1) > div:nth-child(1) > div:nth-child(1) > div:nth-child(1) > div:nth-child(1) > div:nth-child(1) > p:nth-child(2) > a:nth-child(1)"}
  (Session info: headless chrome=71.0.3578.98)
  (Driver info: chromedriver=2.45.615279 (12b89733300bd268cff3b78fc76cb8f3a7cc44e5),platform=Linux 4.15.0-1029-aws x86_64) (WARNING: The server did not provide any stacktrace information)
Command duration or timeout: 0 milliseconds
For documentation on this error, please visit: http://seleniumhq.org/exceptions/no_such_element.html
Build info: version: '3.5.3', revision: 'a88d25fe6b', time: '2017-08-29T12:42:44.417Z'
System info: host: 'ip-10-1-1-254', ip: '10.1.1.254', os.name: 'Linux', os.arch: 'amd64', os.version: '4.15.0-1029-aws', java.version: '1.8.0_191'
Driver info: org.openqa.selenium.chrome.ChromeDriver
Capabilities [{mobileEmulationEnabled=false, timeouts={implicit=0, pageLoad=300000, script=30000}, hasTouchScreen=false, platform=LINUX, acceptSslCerts=false, goog:chromeOptions={debuggerAddress=localhost:33255}, acceptInsecureCerts=false, webStorageEnabled=true, browserName=chrome, takesScreenshot=true, javascriptEnabled=true, platformName=LINUX, setWindowRect=true, unexpectedAlertBehaviour=ignore, applicationCacheEnabled=false, rotatable=false, networkConnectionEnabled=false, chrome={chromedriverVersion=2.45.615279 (12b89733300bd268cff3b78fc76cb8f3a7cc44e5), userDataDir=/tmp/.org.chromium.Chromium.XNwJjF}, takesHeapSnapshot=true, unhandledPromptBehavior=ignore, pageLoadStrategy=normal, strictFileInteractability=false, databaseEnabled=false, handlesAlerts=true, version=71.0.3578.98, browserConnectionEnabled=false, proxy=Proxy(), nativeEvents=true, locationContextEnabled=true, cssSelectorsEnabled=true}]
Session ID: 4a960d1f98d74fbd3fa5c9f04a6435f4
*** Element info: {Using=css selector, value=div.vtpl_mosaicContainer:nth-child(5) > section:nth-child(1) > div:nth-child(1) > div:nth-child(1) > div:nth-child(1) > div:nth-child(1) > div:nth-child(1) > p:nth-child(2) > a:nth-child(1)}]]>
            </message>
            <full-stacktrace>
              <![CDATA[org.openqa.selenium.NoSuchElementException: no such element: Unable to locate element: {"method":"css selector","selector":"div.vtpl_mosaicContainer:nth-child(5) > section:nth-child(1) > div:nth-child(1) > div:nth-child(1) > div:nth-child(1) > div:nth-child(1) > div:nth-child(1) > p:nth-child(2) > a:nth-child(1)"}
  (Session info: headless chrome=71.0.3578.98)
  (Driver info: chromedriver=2.45.615279 (12b89733300bd268cff3b78fc76cb8f3a7cc44e5),platform=Linux 4.15.0-1029-aws x86_64) (WARNING: The server did not provide any stacktrace information)
Command duration or timeout: 0 milliseconds
For documentation on this error, please visit: http://seleniumhq.org/exceptions/no_such_element.html
Build info: version: '3.5.3', revision: 'a88d25fe6b', time: '2017-08-29T12:42:44.417Z'
System info: host: 'ip-10-1-1-254', ip: '10.1.1.254', os.name: 'Linux', os.arch: 'amd64', os.version: '4.15.0-1029-aws', java.version: '1.8.0_191'
Driver info: org.openqa.selenium.chrome.ChromeDriver
Capabilities [{mobileEmulationEnabled=false, timeouts={implicit=0, pageLoad=300000, script=30000}, hasTouchScreen=false, platform=LINUX, acceptSslCerts=false, goog:chromeOptions={debuggerAddress=localhost:33255}, acceptInsecureCerts=false, webStorageEnabled=true, browserName=chrome, takesScreenshot=true, javascriptEnabled=true, platformName=LINUX, setWindowRect=true, unexpectedAlertBehaviour=ignore, applicationCacheEnabled=false, rotatable=false, networkConnectionEnabled=false, chrome={chromedriverVersion=2.45.615279 (12b89733300bd268cff3b78fc76cb8f3a7cc44e5), userDataDir=/tmp/.org.chromium.Chromium.XNwJjF}, takesHeapSnapshot=true, unhandledPromptBehavior=ignore, pageLoadStrategy=normal, strictFileInteractability=false, databaseEnabled=false, handlesAlerts=true, version=71.0.3578.98, browserConnectionEnabled=false, proxy=Proxy(), nativeEvents=true, locationContextEnabled=true, cssSelectorsEnabled=true}]
Session ID: 4a960d1f98d74fbd3fa5c9f04a6435f4
*** Element info: {Using=css selector, value=div.vtpl_mosaicContainer:nth-child(5) > section:nth-child(1) > div:nth-child(1) > div:nth-child(1) > div:nth-child(1) > div:nth-child(1) > div:nth-child(1) > p:nth-child(2) > a:nth-child(1)}
	at sun.reflect.NativeConstructorAccessorImpl.newInstance0(Native Method)
	at sun.reflect.NativeConstructorAccessorImpl.newInstance(NativeConstructorAccessorImpl.java:62)
	at sun.reflect.DelegatingConstructorAccessorImpl.newInstance(DelegatingConstructorAccessorImpl.java:45)
	at java.lang.reflect.Constructor.newInstance(Constructor.java:423)
	at org.openqa.selenium.remote.ErrorHandler.createThrowable(ErrorHandler.java:215)
	at org.openqa.selenium.remote.ErrorHandler.throwIfResponseFailed(ErrorHandler.java:167)
	at org.openqa.selenium.remote.http.JsonHttpResponseCodec.reconstructValue(JsonHttpResponseCodec.java:40)
	at org.openqa.selenium.remote.http.AbstractHttpResponseCodec.decode(AbstractHttpResponseCodec.java:82)
	at org.openqa.selenium.remote.http.AbstractHttpResponseCodec.decode(AbstractHttpResponseCodec.java:45)
	at org.openqa.selenium.remote.HttpCommandExecutor.execute(HttpCommandExecutor.java:164)
	at org.openqa.selenium.remote.service.DriverCommandExecutor.execute(DriverCommandExecutor.java:82)
	at org.openqa.selenium.remote.RemoteWebDriver.execute(RemoteWebDriver.java:646)
	at org.openqa.selenium.remote.RemoteWebDriver.findElement(RemoteWebDriver.java:416)
	at org.openqa.selenium.remote.RemoteWebDriver.findElementByCssSelector(RemoteWebDriver.java:510)
	at org.openqa.selenium.By$ByCssSelector.findElement(By.java:430)
	at org.openqa.selenium.remote.RemoteWebDriver.findElement(RemoteWebDriver.java:408)
	at PagesOnWittyFeedTv.WittyFeedHomePage.LatestStoryTitle(WittyFeedHomePage.java:203)
	at WittyFeedTestCases.WittyFeedHomePageTestcasesTest.CheckLatestStoryTitle(WittyFeedHomePageTestcasesTest.java:182)
	at sun.reflect.NativeMethodAccessorImpl.invoke0(Native Method)
	at sun.reflect.NativeMethodAccessorImpl.invoke(NativeMethodAccessorImpl.java:62)
	at sun.reflect.DelegatingMethodAccessorImpl.invoke(DelegatingMethodAccessorImpl.java:43)
	at java.lang.reflect.Method.invoke(Method.java:498)
	at org.testng.internal.MethodInvocationHelper.invokeMethod(MethodInvocationHelper.java:80)
	at org.testng.internal.Invoker.invokeMethod(Invoker.java:673)
	at org.testng.internal.Invoker.invokeTestMethod(Invoker.java:842)
	at org.testng.internal.Invoker.invokeTestMethods(Invoker.java:1166)
	at org.testng.internal.TestMethodWorker.invokeTestMethods(TestMethodWorker.java:125)
	at org.testng.internal.TestMethodWorker.run(TestMethodWorker.java:109)
	at org.testng.TestRunner.runWorkers(TestRunner.java:1178)
	at org.testng.TestRunner.privateRun(TestRunner.java:757)
	at org.testng.TestRunner.run(TestRunner.java:608)
	at org.testng.SuiteRunner.runTest(SuiteRunner.java:334)
	at org.testng.SuiteRunner.runSequentially(SuiteRunner.java:329)
	at org.testng.SuiteRunner.privateRun(SuiteRunner.java:291)
	at org.testng.SuiteRunner.run(SuiteRunner.java:240)
	at org.testng.SuiteRunnerWorker.runSuite(SuiteRunnerWorker.java:52)
	at org.testng.SuiteRunnerWorker.run(SuiteRunnerWorker.java:86)
	at org.testng.TestNG.runSuitesSequentially(TestNG.java:1158)
	at org.testng.TestNG.runSuitesLocally(TestNG.java:1083)
	at org.testng.TestNG.run(TestNG.java:999)
	at org.apache.maven.surefire.testng.TestNGExecutor.run(TestNGExecutor.java:77)
	at org.apache.maven.surefire.testng.TestNGDirectoryTestSuite.executeMulti(TestNGDirectoryTestSuite.java:159)
	at org.apache.maven.surefire.testng.TestNGDirectoryTestSuite.execute(TestNGDirectoryTestSuite.java:99)
	at org.apache.maven.surefire.testng.TestNGProvider.invoke(TestNGProvider.java:106)
	at sun.reflect.NativeMethodAccessorImpl.invoke0(Native Method)
	at sun.reflect.NativeMethodAccessorImpl.invoke(NativeMethodAccessorImpl.java:62)
	at sun.reflect.DelegatingMethodAccessorImpl.invoke(DelegatingMethodAccessorImpl.java:43)
	at java.lang.reflect.Method.invoke(Method.java:498)
	at org.apache.maven.surefire.util.ReflectionUtils.invokeMethodWithArray(ReflectionUtils.java:189)
	at org.apache.maven.surefire.booter.ProviderFactory$ProviderProxy.invoke(ProviderFactory.java:165)
	at org.apache.maven.surefire.booter.ProviderFactory.invokeProvider(ProviderFactory.java:85)
	at org.apache.maven.surefire.booter.ForkedBooter.runSuitesInProcess(ForkedBooter.java:115)
	at org.apache.maven.surefire.booter.ForkedBooter.main(ForkedBooter.java:75)
]]>
            </full-stacktrace>
          </exception>
        </test-method>
        <test-method status="PASS" signature="getResults(org.testng.ITestResult)" name="getResults" is-config="true" duration-ms="2" started-at="2018-12-21T09:14:38Z" finished-at="2018-12-21T09:14:38Z">
          <params>
            <param index="0">
              <value>
                <![CDATA[[TestResult: CheckLatestStoryTitle STATUS:FAILURE METHOD:WittyFeedTestCases.WittyFeedHomePageTestcasesTest.CheckLatestStoryTitle()]
]]>
              </value>
            </param>
          </params>
        </test-method>
        <test-method status="FAIL" signature="CheckLatestStoryAuthor()" name="CheckLatestStoryAuthor" duration-ms="10040" started-at="2018-12-21T09:14:38Z" finished-at="2018-12-21T09:14:48Z">
          <exception class="org.openqa.selenium.NoSuchElementException">
            <message>
              <![CDATA[no such element: Unable to locate element: {"method":"css selector","selector":"div.vtpl_mosaicContainer:nth-child(5) > section:nth-child(1) > div:nth-child(1) > div:nth-child(1) > div:nth-child(1) > div:nth-child(1) > div:nth-child(1) > p:nth-child(3) > a:nth-child(2)"}
  (Session info: headless chrome=71.0.3578.98)
  (Driver info: chromedriver=2.45.615279 (12b89733300bd268cff3b78fc76cb8f3a7cc44e5),platform=Linux 4.15.0-1029-aws x86_64) (WARNING: The server did not provide any stacktrace information)
Command duration or timeout: 0 milliseconds
For documentation on this error, please visit: http://seleniumhq.org/exceptions/no_such_element.html
Build info: version: '3.5.3', revision: 'a88d25fe6b', time: '2017-08-29T12:42:44.417Z'
System info: host: 'ip-10-1-1-254', ip: '10.1.1.254', os.name: 'Linux', os.arch: 'amd64', os.version: '4.15.0-1029-aws', java.version: '1.8.0_191'
Driver info: org.openqa.selenium.chrome.ChromeDriver
Capabilities [{mobileEmulationEnabled=false, timeouts={implicit=0, pageLoad=300000, script=30000}, hasTouchScreen=false, platform=LINUX, acceptSslCerts=false, goog:chromeOptions={debuggerAddress=localhost:33255}, acceptInsecureCerts=false, webStorageEnabled=true, browserName=chrome, takesScreenshot=true, javascriptEnabled=true, platformName=LINUX, setWindowRect=true, unexpectedAlertBehaviour=ignore, applicationCacheEnabled=false, rotatable=false, networkConnectionEnabled=false, chrome={chromedriverVersion=2.45.615279 (12b89733300bd268cff3b78fc76cb8f3a7cc44e5), userDataDir=/tmp/.org.chromium.Chromium.XNwJjF}, takesHeapSnapshot=true, unhandledPromptBehavior=ignore, pageLoadStrategy=normal, strictFileInteractability=false, databaseEnabled=false, handlesAlerts=true, version=71.0.3578.98, browserConnectionEnabled=false, proxy=Proxy(), nativeEvents=true, locationContextEnabled=true, cssSelectorsEnabled=true}]
Session ID: 4a960d1f98d74fbd3fa5c9f04a6435f4
*** Element info: {Using=css selector, value=div.vtpl_mosaicContainer:nth-child(5) > section:nth-child(1) > div:nth-child(1) > div:nth-child(1) > div:nth-child(1) > div:nth-child(1) > div:nth-child(1) > p:nth-child(3) > a:nth-child(2)}]]>
            </message>
            <full-stacktrace>
              <![CDATA[org.openqa.selenium.NoSuchElementException: no such element: Unable to locate element: {"method":"css selector","selector":"div.vtpl_mosaicContainer:nth-child(5) > section:nth-child(1) > div:nth-child(1) > div:nth-child(1) > div:nth-child(1) > div:nth-child(1) > div:nth-child(1) > p:nth-child(3) > a:nth-child(2)"}
  (Session info: headless chrome=71.0.3578.98)
  (Driver info: chromedriver=2.45.615279 (12b89733300bd268cff3b78fc76cb8f3a7cc44e5),platform=Linux 4.15.0-1029-aws x86_64) (WARNING: The server did not provide any stacktrace information)
Command duration or timeout: 0 milliseconds
For documentation on this error, please visit: http://seleniumhq.org/exceptions/no_such_element.html
Build info: version: '3.5.3', revision: 'a88d25fe6b', time: '2017-08-29T12:42:44.417Z'
System info: host: 'ip-10-1-1-254', ip: '10.1.1.254', os.name: 'Linux', os.arch: 'amd64', os.version: '4.15.0-1029-aws', java.version: '1.8.0_191'
Driver info: org.openqa.selenium.chrome.ChromeDriver
Capabilities [{mobileEmulationEnabled=false, timeouts={implicit=0, pageLoad=300000, script=30000}, hasTouchScreen=false, platform=LINUX, acceptSslCerts=false, goog:chromeOptions={debuggerAddress=localhost:33255}, acceptInsecureCerts=false, webStorageEnabled=true, browserName=chrome, takesScreenshot=true, javascriptEnabled=true, platformName=LINUX, setWindowRect=true, unexpectedAlertBehaviour=ignore, applicationCacheEnabled=false, rotatable=false, networkConnectionEnabled=false, chrome={chromedriverVersion=2.45.615279 (12b89733300bd268cff3b78fc76cb8f3a7cc44e5), userDataDir=/tmp/.org.chromium.Chromium.XNwJjF}, takesHeapSnapshot=true, unhandledPromptBehavior=ignore, pageLoadStrategy=normal, strictFileInteractability=false, databaseEnabled=false, handlesAlerts=true, version=71.0.3578.98, browserConnectionEnabled=false, proxy=Proxy(), nativeEvents=true, locationContextEnabled=true, cssSelectorsEnabled=true}]
Session ID: 4a960d1f98d74fbd3fa5c9f04a6435f4
*** Element info: {Using=css selector, value=div.vtpl_mosaicContainer:nth-child(5) > section:nth-child(1) > div:nth-child(1) > div:nth-child(1) > div:nth-child(1) > div:nth-child(1) > div:nth-child(1) > p:nth-child(3) > a:nth-child(2)}
	at sun.reflect.NativeConstructorAccessorImpl.newInstance0(Native Method)
	at sun.reflect.NativeConstructorAccessorImpl.newInstance(NativeConstructorAccessorImpl.java:62)
	at sun.reflect.DelegatingConstructorAccessorImpl.newInstance(DelegatingConstructorAccessorImpl.java:45)
	at java.lang.reflect.Constructor.newInstance(Constructor.java:423)
	at org.openqa.selenium.remote.ErrorHandler.createThrowable(ErrorHandler.java:215)
	at org.openqa.selenium.remote.ErrorHandler.throwIfResponseFailed(ErrorHandler.java:167)
	at org.openqa.selenium.remote.http.JsonHttpResponseCodec.reconstructValue(JsonHttpResponseCodec.java:40)
	at org.openqa.selenium.remote.http.AbstractHttpResponseCodec.decode(AbstractHttpResponseCodec.java:82)
	at org.openqa.selenium.remote.http.AbstractHttpResponseCodec.decode(AbstractHttpResponseCodec.java:45)
	at org.openqa.selenium.remote.HttpCommandExecutor.execute(HttpCommandExecutor.java:164)
	at org.openqa.selenium.remote.service.DriverCommandExecutor.execute(DriverCommandExecutor.java:82)
	at org.openqa.selenium.remote.RemoteWebDriver.execute(RemoteWebDriver.java:646)
	at org.openqa.selenium.remote.RemoteWebDriver.findElement(RemoteWebDriver.java:416)
	at org.openqa.selenium.remote.RemoteWebDriver.findElementByCssSelector(RemoteWebDriver.java:510)
	at org.openqa.selenium.By$ByCssSelector.findElement(By.java:430)
	at org.openqa.selenium.remote.RemoteWebDriver.findElement(RemoteWebDriver.java:408)
	at PagesOnWittyFeedTv.WittyFeedHomePage.LatestStoryAuthor(WittyFeedHomePage.java:214)
[...]
	at org.apache.maven.surefire.booter.ForkedBooter.main(ForkedBooter.java:75)
]]>
            </full-stacktrace>
          </exception>
        </test-method>
        <test-method status="PASS" signature="getResults(org.testng.ITestResult)" name="getResults" is-config="true" duration-ms="0" started-at="2018-12-21T09:17:40Z" finished-at="2018-12-21T09:17:40Z">
          <params>
            <param index="0">
              <value>
                <![CDATA[[TestResult: CheckWriterName STATUS:FAILURE METHOD:WittyFeedTestCases.WittyFeedUserProfileTestCasesTest.CheckWriterName()]
]]>
              </value>
            </param>
          </params>
        </test-method>
        <test-method status="PASS" signature="getResults(org.testng.ITestResult)" name="getResults" is-config="true" duration-ms="1" started-at="2018-12-21T09:17:50Z" finished-at="2018-12-21T09:17:50Z">
          <params>
            <param index="0">
              <value>
                <![CDATA[[TestResult: CheckEditor STATUS:FAILURE METHOD:WittyFeedTestCases.WittyFeedUserProfileTestCasesTest.CheckEditor()]
]]>
              </value>
            </param>
          </params>
        </test-method>
        <test-method status="FAIL" signature="CheckProfileDesc()" name="CheckProfileDesc" duration-ms="10030" started-at="2018-12-21T09:17:50Z" finished-at="2018-12-21T09:18:00Z">
          <exception class="java.lang.AssertionError">
            <message>
              <![CDATA[expected:<1> but was:<0>]]>
            </message>
            <full-stacktrace>
              <![CDATA[java.lang.AssertionError: expected:<1> but was:<0>
	at org.testng.Assert.fail(Assert.java:89)
	at org.testng.Assert.failNotEquals(Assert.java:489)
	at org.testng.Assert.assertEquals(Assert.java:118)
	at org.testng.Assert.assertEquals(Assert.java:365)
	at org.testng.Assert.assertEquals(Assert.java:375)
	at PagesOnWittyFeedTv.WittyFeedUserProfilePage.ProfileDesc(WittyFeedUserProfilePage.java:94)
	at WittyFeedTestCases.WittyFeedUserProfileTestCasesTest.CheckProfileDesc(WittyFeedUserProfileTestCasesTest.java:92)
	at sun.reflect.NativeMethodAccessorImpl.invoke0(Native Method)
	at sun.reflect.NativeMethodAccessorImpl.invoke(NativeMethodAccessorImpl.java:62)
	at sun.reflect.DelegatingMethodAccessorImpl.invoke(DelegatingMethodAccessorImpl.java:43)
	at java.lang.reflect.Method.invoke(Method.java:498)
	at org.testng.internal.MethodInvocationHelper.invokeMethod(MethodInvocationHelper.java:80)
	at org.testng.internal.Invoker.invokeMethod(Invoker.java:673)
	at org.testng.internal.Invoker.invokeTestMethod(Invoker.java:842)
	at org.testng.internal.Invoker.invokeTestMethods(Invoker.java:1166)
	at org.testng.internal.TestMethodWorker.invokeTestMethods(TestMethodWorker.java:125)
	at org.testng.internal.TestMethodWorker.run(TestMethodWorker.java:109)
	at org.testng.TestRunner.runWorkers(TestRunner.java:1178)
	at org.testng.TestRunner.privateRun(TestRunner.java:757)
	at org.testng.TestRunner.run(TestRunner.java:608)
	at org.testng.SuiteRunner.runTest(SuiteRunner.java:334)
	at org.testng.SuiteRunner.runSequentially(SuiteRunner.java:329)
	at org.testng.SuiteRunner.privateRun(SuiteRunner.java:291)
	at org.testng.SuiteRunner.run(SuiteRunner.java:240)
	at org.testng.SuiteRunnerWorker.runSuite(SuiteRunnerWorker.java:52)
	at org.testng.SuiteRunnerWorker.run(SuiteRunnerWorker.java:86)
	at org.testng.TestNG.runSuitesSequentially(TestNG.java:1158)
	at org.testng.TestNG.runSuitesLocally(TestNG.java:1083)
	at org.testng.TestNG.run(TestNG.java:999)
	at org.apache.maven.surefire.testng.TestNGExecutor.run(TestNGExecutor.java:77)
	at org.apache.maven.surefire.testng.TestNGDirectoryTestSuite.executeMulti(TestNGDirectoryTestSuite.java:159)
	at org.apache.maven.surefire.testng.TestNGDirectoryTestSuite.execute(TestNGDirectoryTestSuite.java:99)
	at org.apache.maven.surefire.testng.TestNGProvider.invoke(TestNGProvider.java:106)
	at sun.reflect.NativeMethodAccessorImpl.invoke0(Native Method)
	at sun.reflect.NativeMethodAccessorImpl.invoke(NativeMethodAccessorImpl.java:62)
	at sun.reflect.DelegatingMethodAccessorImpl.invoke(DelegatingMethodAccessorImpl.java:43)
	at java.lang.reflect.Method.invoke(Method.java:498)
	at org.apache.maven.surefire.util.ReflectionUtils.invokeMethodWithArray(ReflectionUtils.java:189)
	at org.apache.maven.surefire.booter.ProviderFactory$ProviderProxy.invoke(ProviderFactory.java:165)
	at org.apache.maven.surefire.booter.ProviderFactory.invokeProvider(ProviderFactory.java:85)
	at org.apache.maven.surefire.booter.ForkedBooter.runSuitesInProcess(ForkedBooter.java:115)
	at org.apache.maven.surefire.booter.ForkedBooter.main(ForkedBooter.java:75)
]]>
            </full-stacktrace>
          </exception>
        </test-method>
        <test-method status="PASS" signature="getResults(org.testng.ITestResult)" name="getResults" is-config="true" duration-ms="1" started-at="2018-12-21T09:18:00Z" finished-at="2018-12-21T09:18:00Z">
          <params>
            <param index="0">
              <value>
                <![CDATA[[TestResult: CheckProfileDesc STATUS:FAILURE METHOD:WittyFeedTestCases.WittyFeedUserProfileTestCasesTest.CheckProfileDesc()]
]]>
              </value>
            </param>
          </params>
        </test-method>
        <test-method status="FAIL" signature="CheckDontMissThisStory()" name="CheckDontMissThisStory" duration-ms="10025" started-at="2018-12-21T09:18:00Z" finished-at="2018-12-21T09:18:10Z">
          <exception class="java.lang.AssertionError">
            <message>
              <![CDATA[expected:<1> but was:<0>]]>
            </message>
            <full-stacktrace>
              <![CDATA[java.lang.AssertionError: expected:<1> but was:<0>
	at org.testng.Assert.fail(Assert.java:89)
	at org.testng.Assert.failNotEquals(Assert.java:489)
	at org.testng.Assert.assertEquals(Assert.java:118)
	at org.testng.Assert.assertEquals(Assert.java:365)
	at org.testng.Assert.assertEquals(Assert.java:375)
	at PagesOnWittyFeedTv.WittyFeedUserProfilePage.DontMissThisStory(WittyFeedUserProfilePage.java:101)
	at WittyFeedTestCases.WittyFeedUserProfileTestCasesTest.CheckDontMissThisStory(WittyFeedUserProfileTestCasesTest.java:99)
	at sun.reflect.NativeMethodAccessorImpl.invoke0(Native Method)
	at sun.reflect.NativeMethodAccessorImpl.invoke(NativeMethodAccessorImpl.java:62)
	at sun.reflect.DelegatingMethodAccessorImpl.invoke(DelegatingMethodAccessorImpl.java:43)
	at java.lang.reflect.Method.invoke(Method.java:498)
	at org.testng.internal.MethodInvocationHelper.invokeMethod(MethodInvocationHelper.java:80)
	at org.testng.internal.Invoker.invokeMethod(Invoker.java:673)
	at org.testng.internal.Invoker.invokeTestMethod(Invoker.java:842)
	at org.testng.internal.Invoker.invokeTestMethods(Invoker.java:1166)
	at org.testng.internal.TestMethodWorker.invokeTestMethods(TestMethodWorker.java:125)
	at org.testng.internal.TestMethodWorker.run(TestMethodWorker.java:109)
	at org.testng.TestRunner.runWorkers(TestRunner.java:1178)
	at org.testng.TestRunner.privateRun(TestRunner.java:757)
	at org.testng.TestRunner.run(TestRunner.java:608)
	at org.testng.SuiteRunner.runTest(SuiteRunner.java:334)
	at org.testng.SuiteRunner.runSequentially(SuiteRunner.java:329)
	at org.testng.SuiteRunner.privateRun(SuiteRunner.java:291)
	at org.testng.SuiteRunner.run(SuiteRunner.java:240)
	at org.testng.SuiteRunnerWorker.runSuite(SuiteRunnerWorker.java:52)
	at org.testng.SuiteRunnerWorker.run(SuiteRunnerWorker.java:86)
	at org.testng.TestNG.runSuitesSequentially(TestNG.java:1158)
	at org.testng.TestNG.runSuitesLocally(TestNG.java:1083)
	at org.testng.TestNG.run(TestNG.java:999)
	at org.apache.maven.surefire.testng.TestNGExecutor.run(TestNGExecutor.java:77)
	at org.apache.maven.surefire.testng.TestNGDirectoryTestSuite.executeMulti(TestNGDirectoryTestSuite.java:159)
	at org.apache.maven.surefire.testng.TestNGDirectoryTestSuite.execute(TestNGDirectoryTestSuite.java:99)
	at org.apache.maven.surefire.testng.TestNGProvider.invoke(TestNGProvider.java:106)
	at sun.reflect.NativeMethodAccessorImpl.invoke0(Native Method)
	at sun.reflect.NativeMethodAccessorImpl.invoke(NativeMethodAccessorImpl.java:62)
	at sun.reflect.DelegatingMethodAccessorImpl.invoke(DelegatingMethodAccessorImpl.java:43)
	at java.lang.reflect.Method.invoke(Method.java:498)
	at org.apache.maven.surefire.util.ReflectionUtils.invokeMethodWithArray(ReflectionUtils.java:189)
	at org.apache.maven.surefire.booter.ProviderFactory$ProviderProxy.invoke(ProviderFactory.java:165)
	at org.apache.maven.surefire.booter.ProviderFactory.invokeProvider(ProviderFactory.java:85)
	at org.apache.maven.surefire.booter.ForkedBooter.runSuitesInProcess(ForkedBooter.java:115)
	at org.apache.maven.surefire.booter.ForkedBooter.main(ForkedBooter.java:75)
]]>
            </full-stacktrace>
          </exception>
        </test-method>
        <test-method status="PASS" signature="getResults(org.testng.ITestResult)" name="getResults" is-config="true" duration-ms="2" started-at="2018-12-21T09:18:10Z" finished-at="2018-12-21T09:18:10Z">
          <params>
            <param index="0">
              <value>
                <![CDATA[[TestResult: CheckDontMissThisStory STATUS:FAILURE METHOD:WittyFeedTestCases.WittyFeedUserProfileTestCasesTest.CheckDontMissThisStory()]
]]>
              </value>
            </param>
          </params>
        </test-method>
        <test-method status="FAIL" signature="LatestStories()" name="LatestStories" duration-ms="10028" started-at="2018-12-21T09:18:10Z" finished-at="2018-12-21T09:18:20Z">
          <exception class="java.lang.AssertionError">
            <message>
              <![CDATA[expected:<1> but was:<0>]]>
            </message>
            <full-stacktrace>
              <![CDATA[java.lang.AssertionError: expected:<1> but was:<0>
	at org.testng.Assert.fail(Assert.java:89)
	at org.testng.Assert.failNotEquals(Assert.java:489)
	at org.testng.Assert.assertEquals(Assert.java:118)
	at org.testng.Assert.assertEquals(Assert.java:365)
	at org.testng.Assert.assertEquals(Assert.java:375)
	at PagesOnWittyFeedTv.WittyFeedUserProfilePage.LatestStories(WittyFeedUserProfilePage.java:107)
	at WittyFeedTestCases.WittyFeedUserProfileTestCasesTest.LatestStories(WittyFeedUserProfileTestCasesTest.java:107)
	at sun.reflect.NativeMethodAccessorImpl.invoke0(Native Method)
	at sun.reflect.NativeMethodAccessorImpl.invoke(NativeMethodAccessorImpl.java:62)
	at sun.reflect.DelegatingMethodAccessorImpl.invoke(DelegatingMethodAccessorImpl.java:43)
	at java.lang.reflect.Method.invoke(Method.java:498)
	at org.testng.internal.MethodInvocationHelper.invokeMethod(MethodInvocationHelper.java:80)
	at org.testng.internal.Invoker.invokeMethod(Invoker.java:673)
	at org.testng.internal.Invoker.invokeTestMethod(Invoker.java:842)
	at org.testng.internal.Invoker.invokeTestMethods(Invoker.java:1166)
	at org.testng.internal.TestMethodWorker.invokeTestMethods(TestMethodWorker.java:125)
	at org.testng.internal.TestMethodWorker.run(TestMethodWorker.java:109)
	at org.testng.TestRunner.runWorkers(TestRunner.java:1178)
	at org.testng.TestRunner.privateRun(TestRunner.java:757)
	at org.testng.TestRunner.run(TestRunner.java:608)
	at org.testng.SuiteRunner.runTest(SuiteRunner.java:334)
	at org.testng.SuiteRunner.runSequentially(SuiteRunner.java:329)
	at org.testng.SuiteRunner.privateRun(SuiteRunner.java:291)
	at org.testng.SuiteRunner.run(SuiteRunner.java:240)
	at org.testng.SuiteRunnerWorker.runSuite(SuiteRunnerWorker.java:52)
	at org.testng.SuiteRunnerWorker.run(SuiteRunnerWorker.java:86)
	at org.testng.TestNG.runSuitesSequentially(TestNG.java:1158)
	at org.testng.TestNG.runSuitesLocally(TestNG.java:1083)
	at org.testng.TestNG.run(TestNG.java:999)
	at org.apache.maven.surefire.testng.TestNGExecutor.run(TestNGExecutor.java:77)
	at org.apache.maven.surefire.testng.TestNGDirectoryTestSuite.executeMulti(TestNGDirectoryTestSuite.java:159)
	at org.apache.maven.surefire.testng.TestNGDirectoryTestSuite.execute(TestNGDirectoryTestSuite.java:99)
	at org.apache.maven.surefire.testng.TestNGProvider.invoke(TestNGProvider.java:106)
	at sun.reflect.NativeMethodAccessorImpl.invoke0(Native Method)
	at sun.reflect.NativeMethodAccessorImpl.invoke(NativeMethodAccessorImpl.java:62)
	at sun.reflect.DelegatingMethodAccessorImpl.invoke(DelegatingMethodAccessorImpl.java:43)
	at java.lang.reflect.Method.invoke(Method.java:498)
	at org.apache.maven.surefire.util.ReflectionUtils.invokeMethodWithArray(ReflectionUtils.java:189)
	at org.apache.maven.surefire.booter.ProviderFactory$ProviderProxy.invoke(ProviderFactory.java:165)
	at org.apache.maven.surefire.booter.ProviderFactory.invokeProvider(ProviderFactory.java:85)
	at org.apache.maven.surefire.booter.ForkedBooter.runSuitesInProcess(ForkedBooter.java:115)
	at org.apache.maven.surefire.booter.ForkedBooter.main(ForkedBooter.java:75)
]]>
            </full-stacktrace>
          </exception>
        </test-method>
        <test-method status="PASS" signature="getResults(org.testng.ITestResult)" name="getResults" is-config="true" duration-ms="0" started-at="2018-12-21T09:18:20Z" finished-at="2018-12-21T09:18:20Z">
          <params>
            <param index="0">
              <value>
                <![CDATA[[TestResult: LatestStories STATUS:FAILURE METHOD:WittyFeedTestCases.WittyFeedUserProfileTestCasesTest.LatestStories()]
]]>
              </value>
            </param>
          </params>
        </test-method>
        <test-method status="PASS" signature="tearDown()" name="tearDown" is-config="true" duration-ms="287" started-at="2018-12-21T09:18:31Z" finished-at="2018-12-21T09:18:31Z">
        </test-method>
      </class>
      <class name="WittyFeedTestCases.WittyFeedSearchPageTestCasesTest">
        <test-method status="PASS" signature="ClickSearchOption()" name="ClickSearchOption" duration-ms="3107" started-at="2018-12-21T09:16:08Z" finished-at="2018-12-21T09:16:11Z">
        </test-method>
        <test-method status="PASS" signature="getResults(org.testng.ITestResult)" name="getResults" is-config="true" duration-ms="0" started-at="2018-12-21T09:16:11Z" finished-at="2018-12-21T09:16:11Z">
          <params>
            <param index="0">
              <value>
                <![CDATA[[TestResult: ClickSearchOption STATUS:SUCCESS METHOD:WittyFeedTestCases.WittyFeedSearchPageTestCasesTest.ClickSearchOption()]
]]>
              </value>
            </param>
          </params>
        </test-method>
        <test-method status="FAIL" signature="CheckSearchHeader()" name="CheckSearchHeader" duration-ms="10057" started-at="2018-12-21T09:16:11Z" finished-at="2018-12-21T09:16:21Z">
          <exception class="java.lang.AssertionError">
            <message>
              <![CDATA[expected:<1> but was:<0>]]>
            </message>
            <full-stacktrace>
              <![CDATA[java.lang.AssertionError: expected:<1> but was:<0>
	at org.testng.Assert.fail(Assert.java:89)
	at org.testng.Assert.failNotEquals(Assert.java:489)
	at org.testng.Assert.assertEquals(Assert.java:118)
	at org.testng.Assert.assertEquals(Assert.java:365)
	at org.testng.Assert.assertEquals(Assert.java:375)
	at PagesOnWittyFeedTv.WittyFeedSearchPage.SearchHeader(WittyFeedSearchPage.java:34)
	at WittyFeedTestCases.WittyFeedSearchPageTestCasesTest.CheckSearchHeader(WittyFeedSearchPageTestCasesTest.java:33)
	at sun.reflect.NativeMethodAccessorImpl.invoke0(Native Method)
	at sun.reflect.NativeMethodAccessorImpl.invoke(NativeMethodAccessorImpl.java:62)
	at sun.reflect.DelegatingMethodAccessorImpl.invoke(DelegatingMethodAccessorImpl.java:43)
	at java.lang.reflect.Method.invoke(Method.java:498)
	at org.testng.internal.MethodInvocationHelper.invokeMethod(MethodInvocationHelper.java:80)
	at org.testng.internal.Invoker.invokeMethod(Invoker.java:673)
	at org.testng.internal.Invoker.invokeTestMethod(Invoker.java:842)
	at org.testng.internal.Invoker.invokeTestMethods(Invoker.java:1166)
	at org.testng.internal.TestMethodWorker.invokeTestMethods(TestMethodWorker.java:125)
	at org.testng.internal.TestMethodWorker.run(TestMethodWorker.java:109)
	at org.testng.TestRunner.runWorkers(TestRunner.java:1178)
	at org.testng.TestRunner.privateRun(TestRunner.java:757)
	at org.testng.TestRunner.run(TestRunner.java:608)
	at org.testng.SuiteRunner.runTest(SuiteRunner.java:334)
	at org.testng.SuiteRunner.runSequentially(SuiteRunner.java:329)
	at org.testng.SuiteRunner.privateRun(SuiteRunner.java:291)
	at org.testng.SuiteRunner.run(SuiteRunner.java:240)
	at org.testng.SuiteRunnerWorker.runSuite(SuiteRunnerWorker.java:52)
	at org.testng.SuiteRunnerWorker.run(SuiteRunnerWorker.java:86)
	at org.testng.TestNG.runSuitesSequentially(TestNG.java:1158)
	at org.testng.TestNG.runSuitesLocally(TestNG.java:1083)
	at org.testng.TestNG.run(TestNG.java:999)
	at org.apache.maven.surefire.testng.TestNGExecutor.run(TestNGExecutor.java:77)
	at org.apache.maven.surefire.testng.TestNGDirectoryTestSuite.executeMulti(TestNGDirectoryTestSuite.java:159)
	at org.apache.maven.surefire.testng.TestNGDirectoryTestSuite.execute(TestNGDirectoryTestSuite.java:99)
	at org.apache.maven.surefire.testng.TestNGProvider.invoke(TestNGProvider.java:106)
	at sun.reflect.NativeMethodAccessorImpl.invoke0(Native Method)
	at sun.reflect.NativeMethodAccessorImpl.invoke(NativeMethodAccessorImpl.java:62)
	at sun.reflect.DelegatingMethodAccessorImpl.invoke(DelegatingMethodAccessorImpl.java:43)
	at java.lang.reflect.Method.invoke(Method.java:498)
	at org.apache.maven.surefire.util.ReflectionUtils.invokeMethodWithArray(ReflectionUtils.java:189)
	at org.apache.maven.surefire.booter.ProviderFactory$ProviderProxy.invoke(ProviderFactory.java:165)
	at org.apache.maven.surefire.booter.ProviderFactory.invokeProvider(ProviderFactory.java:85)
	at org.apache.maven.surefire.booter.ForkedBooter.runSuitesInProcess(ForkedBooter.java:115)
	at org.apache.maven.surefire.booter.ForkedBooter.main(ForkedBooter.java:75)
]]>
            </full-stacktrace>
          </exception>
        </test-method>
        <test-method status="PASS" signature="getResults(org.testng.ITestResult)" name="getResults" is-config="true" duration-ms="1" started-at="2018-12-21T09:16:21Z" finished-at="2018-12-21T09:16:21Z">
          <params>
            <param index="0">
              <value>
                <![CDATA[[TestResult: CheckSearchHeader STATUS:FAILURE METHOD:WittyFeedTestCases.WittyFeedSearchPageTestCasesTest.CheckSearchHeader()]
]]>
              </value>
            </param>
          </params>
        </test-method>
        <test-method status="PASS" signature="CheckSearchedStoryImage()" name="CheckSearchedStoryImage" duration-ms="16" started-at="2018-12-21T09:16:21Z" finished-at="2018-12-21T09:16:21Z">
        </test-method>
        <test-method status="PASS" signature="getResults(org.testng.ITestResult)" name="getResults" is-config="true" duration-ms="1" started-at="2018-12-21T09:16:21Z" finished-at="2018-12-21T09:16:21Z">
          <params>
            <param index="0">
              <value>
                <![CDATA[[TestResult: CheckSearchedStoryImage STATUS:SUCCESS METHOD:WittyFeedTestCases.WittyFeedSearchPageTestCasesTest.CheckSearchedStoryImage()]
]]>
              </value>
            </param>
          </params>
        </test-method>
        <test-method status="PASS" signature="CheckSearchedStoryTitle()" name="CheckSearchedStoryTitle" duration-ms="16" started-at="2018-12-21T09:16:21Z" finished-at="2018-12-21T09:16:21Z">
        </test-method>
        <test-method status="PASS" signature="getResults(org.testng.ITestResult)" name="getResults" is-config="true" duration-ms="1" started-at="2018-12-21T09:16:21Z" finished-at="2018-12-21T09:16:21Z">
          <params>
            <param index="0">
              <value>
                <![CDATA[[TestResult: CheckSearchedStoryTitle STATUS:SUCCESS METHOD:WittyFeedTestCases.WittyFeedSearchPageTestCasesTest.CheckSearchedStoryTitle()]
]]>
              </value>
            </param>
          </params>
        </test-method>
      </class>
    </test>
  </suite>
</testng-results>
