<?xml version="1.0" encoding="UTF-8"?>
<testng-results skipped="0" failed="1" ignored="0" total="33" passed="32">
  <reporter-output>
  </reporter-output>
  <suite name="Default suite" duration-ms="121393" started-at="2018-12-18T06:52:18Z" finished-at="2018-12-18T06:54:19Z">
    <groups>
    </groups>
    <test name="Default test" duration-ms="121393" started-at="2018-12-18T06:52:18Z" finished-at="2018-12-18T06:54:19Z">
      <class name="test.WittyFeedCatagoiesTestCasesTest">
        <test-method status="PASS" signature="Setup()[pri:0, instance:test.WittyFeedCatagoiesTestCasesTest@6d3af739]" name="Setup" is-config="true" duration-ms="2047" started-at="2018-12-18T06:52:16Z" finished-at="2018-12-18T06:52:18Z">
          <reporter-output>
          </reporter-output>
        </test-method> <!-- Setup -->
        <test-method status="PASS" signature="ClickHamburgerMenu()[pri:33, instance:test.WittyFeedCatagoiesTestCasesTest@6d3af739]" name="ClickHamburgerMenu" duration-ms="8648" started-at="2018-12-18T06:52:18Z" finished-at="2018-12-18T06:52:26Z">
          <reporter-output>
          </reporter-output>
        </test-method> <!-- ClickHamburgerMenu -->
        <test-method status="PASS" signature="getResults(org.testng.ITestResult)[pri:0, instance:test.WittyFeedCatagoiesTestCasesTest@6d3af739]" name="getResults" is-config="true" duration-ms="31" started-at="2018-12-18T06:52:26Z" finished-at="2018-12-18T06:52:26Z">
          <params>
            <param index="0">
              <value>
                <![CDATA[[TestResult name=ClickHamburgerMenu status=SUCCESS method=WittyFeedCatagoiesTestCasesTest.ClickHamburgerMenu()[pri:33, instance:test.WittyFeedCatagoiesTestCasesTest@6d3af739] output={null}]]]>
              </value>
            </param>
          </params>
          <reporter-output>
          </reporter-output>
        </test-method> <!-- getResults -->
        <test-method status="PASS" signature="CheckNewsCata()[pri:34, instance:test.WittyFeedCatagoiesTestCasesTest@6d3af739]" name="CheckNewsCata" duration-ms="1075" started-at="2018-12-18T06:52:26Z" finished-at="2018-12-18T06:52:27Z">
          <reporter-output>
          </reporter-output>
        </test-method> <!-- CheckNewsCata -->
        <test-method status="PASS" signature="getResults(org.testng.ITestResult)[pri:0, instance:test.WittyFeedCatagoiesTestCasesTest@6d3af739]" name="getResults" is-config="true" duration-ms="1" started-at="2018-12-18T06:52:27Z" finished-at="2018-12-18T06:52:27Z">
          <params>
            <param index="0">
              <value>
                <![CDATA[[TestResult name=CheckNewsCata status=SUCCESS method=WittyFeedCatagoiesTestCasesTest.CheckNewsCata()[pri:34, instance:test.WittyFeedCatagoiesTestCasesTest@6d3af739] output={null}]]]>
              </value>
            </param>
          </params>
          <reporter-output>
          </reporter-output>
        </test-method> <!-- getResults -->
        <test-method status="PASS" signature="CheckNewsSubCata()[pri:35, instance:test.WittyFeedCatagoiesTestCasesTest@6d3af739]" name="CheckNewsSubCata" duration-ms="1057" started-at="2018-12-18T06:52:27Z" finished-at="2018-12-18T06:52:28Z">
          <reporter-output>
          </reporter-output>
        </test-method> <!-- CheckNewsSubCata -->
        <test-method status="PASS" signature="getResults(org.testng.ITestResult)[pri:0, instance:test.WittyFeedCatagoiesTestCasesTest@6d3af739]" name="getResults" is-config="true" duration-ms="0" started-at="2018-12-18T06:52:28Z" finished-at="2018-12-18T06:52:28Z">
          <params>
            <param index="0">
              <value>
                <![CDATA[[TestResult name=CheckNewsSubCata status=SUCCESS method=WittyFeedCatagoiesTestCasesTest.CheckNewsSubCata()[pri:35, instance:test.WittyFeedCatagoiesTestCasesTest@6d3af739] output={null}]]]>
              </value>
            </param>
          </params>
          <reporter-output>
          </reporter-output>
        </test-method> <!-- getResults -->
        <test-method status="PASS" signature="CheckLifeStyleCata()[pri:36, instance:test.WittyFeedCatagoiesTestCasesTest@6d3af739]" name="CheckLifeStyleCata" duration-ms="1064" started-at="2018-12-18T06:52:28Z" finished-at="2018-12-18T06:52:30Z">
          <reporter-output>
          </reporter-output>
        </test-method> <!-- CheckLifeStyleCata -->
        <test-method status="PASS" signature="getResults(org.testng.ITestResult)[pri:0, instance:test.WittyFeedCatagoiesTestCasesTest@6d3af739]" name="getResults" is-config="true" duration-ms="1" started-at="2018-12-18T06:52:30Z" finished-at="2018-12-18T06:52:30Z">
          <params>
            <param index="0">
              <value>
                <![CDATA[[TestResult name=CheckLifeStyleCata status=SUCCESS method=WittyFeedCatagoiesTestCasesTest.CheckLifeStyleCata()[pri:36, instance:test.WittyFeedCatagoiesTestCasesTest@6d3af739] output={null}]]]>
              </value>
            </param>
          </params>
          <reporter-output>
          </reporter-output>
        </test-method> <!-- getResults -->
        <test-method status="PASS" signature="CheckLifeStyleSubCata()[pri:37, instance:test.WittyFeedCatagoiesTestCasesTest@6d3af739]" name="CheckLifeStyleSubCata" duration-ms="1059" started-at="2018-12-18T06:52:30Z" finished-at="2018-12-18T06:52:31Z">
          <reporter-output>
          </reporter-output>
        </test-method> <!-- CheckLifeStyleSubCata -->
        <test-method status="PASS" signature="getResults(org.testng.ITestResult)[pri:0, instance:test.WittyFeedCatagoiesTestCasesTest@6d3af739]" name="getResults" is-config="true" duration-ms="1" started-at="2018-12-18T06:52:31Z" finished-at="2018-12-18T06:52:31Z">
          <params>
            <param index="0">
              <value>
                <![CDATA[[TestResult name=CheckLifeStyleSubCata status=SUCCESS method=WittyFeedCatagoiesTestCasesTest.CheckLifeStyleSubCata()[pri:37, instance:test.WittyFeedCatagoiesTestCasesTest@6d3af739] output={null}]]]>
              </value>
            </param>
          </params>
          <reporter-output>
          </reporter-output>
        </test-method> <!-- getResults -->
        <test-method status="PASS" signature="CheckEntertainmentCata()[pri:38, instance:test.WittyFeedCatagoiesTestCasesTest@6d3af739]" name="CheckEntertainmentCata" duration-ms="1058" started-at="2018-12-18T06:52:31Z" finished-at="2018-12-18T06:52:32Z">
          <reporter-output>
          </reporter-output>
        </test-method> <!-- CheckEntertainmentCata -->
        <test-method status="PASS" signature="getResults(org.testng.ITestResult)[pri:0, instance:test.WittyFeedCatagoiesTestCasesTest@6d3af739]" name="getResults" is-config="true" duration-ms="0" started-at="2018-12-18T06:52:32Z" finished-at="2018-12-18T06:52:32Z">
          <params>
            <param index="0">
              <value>
                <![CDATA[[TestResult name=CheckEntertainmentCata status=SUCCESS method=WittyFeedCatagoiesTestCasesTest.CheckEntertainmentCata()[pri:38, instance:test.WittyFeedCatagoiesTestCasesTest@6d3af739] output={null}]]]>
              </value>
            </param>
          </params>
          <reporter-output>
          </reporter-output>
        </test-method> <!-- getResults -->
        <test-method status="PASS" signature="CheckEntertainmentSubCata()[pri:39, instance:test.WittyFeedCatagoiesTestCasesTest@6d3af739]" name="CheckEntertainmentSubCata" duration-ms="1036" started-at="2018-12-18T06:52:32Z" finished-at="2018-12-18T06:52:33Z">
          <reporter-output>
          </reporter-output>
        </test-method> <!-- CheckEntertainmentSubCata -->
        <test-method status="PASS" signature="getResults(org.testng.ITestResult)[pri:0, instance:test.WittyFeedCatagoiesTestCasesTest@6d3af739]" name="getResults" is-config="true" duration-ms="0" started-at="2018-12-18T06:52:33Z" finished-at="2018-12-18T06:52:33Z">
          <params>
            <param index="0">
              <value>
                <![CDATA[[TestResult name=CheckEntertainmentSubCata status=SUCCESS method=WittyFeedCatagoiesTestCasesTest.CheckEntertainmentSubCata()[pri:39, instance:test.WittyFeedCatagoiesTestCasesTest@6d3af739] output={null}]]]>
              </value>
            </param>
          </params>
          <reporter-output>
          </reporter-output>
        </test-method> <!-- getResults -->
        <test-method status="PASS" signature="CheckOpinionoLink()[pri:40, instance:test.WittyFeedCatagoiesTestCasesTest@6d3af739]" name="CheckOpinionoLink" duration-ms="1059" started-at="2018-12-18T06:52:33Z" finished-at="2018-12-18T06:52:34Z">
          <reporter-output>
          </reporter-output>
        </test-method> <!-- CheckOpinionoLink -->
        <test-method status="PASS" signature="getResults(org.testng.ITestResult)[pri:0, instance:test.WittyFeedCatagoiesTestCasesTest@6d3af739]" name="getResults" is-config="true" duration-ms="1" started-at="2018-12-18T06:52:34Z" finished-at="2018-12-18T06:52:34Z">
          <params>
            <param index="0">
              <value>
                <![CDATA[[TestResult name=CheckOpinionoLink status=SUCCESS method=WittyFeedCatagoiesTestCasesTest.CheckOpinionoLink()[pri:40, instance:test.WittyFeedCatagoiesTestCasesTest@6d3af739] output={null}]]]>
              </value>
            </param>
          </params>
          <reporter-output>
          </reporter-output>
        </test-method> <!-- getResults -->
        <test-method status="PASS" signature="CheckIndiaKaPulseLink()[pri:41, instance:test.WittyFeedCatagoiesTestCasesTest@6d3af739]" name="CheckIndiaKaPulseLink" duration-ms="1051" started-at="2018-12-18T06:52:34Z" finished-at="2018-12-18T06:52:35Z">
          <reporter-output>
          </reporter-output>
        </test-method> <!-- CheckIndiaKaPulseLink -->
        <test-method status="PASS" signature="getResults(org.testng.ITestResult)[pri:0, instance:test.WittyFeedCatagoiesTestCasesTest@6d3af739]" name="getResults" is-config="true" duration-ms="1" started-at="2018-12-18T06:52:35Z" finished-at="2018-12-18T06:52:35Z">
          <params>
            <param index="0">
              <value>
                <![CDATA[[TestResult name=CheckIndiaKaPulseLink status=SUCCESS method=WittyFeedCatagoiesTestCasesTest.CheckIndiaKaPulseLink()[pri:41, instance:test.WittyFeedCatagoiesTestCasesTest@6d3af739] output={null}]]]>
              </value>
            </param>
          </params>
          <reporter-output>
          </reporter-output>
        </test-method> <!-- getResults -->
        <test-method status="PASS" signature="CheckSocialImpactLink()[pri:42, instance:test.WittyFeedCatagoiesTestCasesTest@6d3af739]" name="CheckSocialImpactLink" duration-ms="1054" started-at="2018-12-18T06:52:35Z" finished-at="2018-12-18T06:52:36Z">
          <reporter-output>
          </reporter-output>
        </test-method> <!-- CheckSocialImpactLink -->
        <test-method status="PASS" signature="getResults(org.testng.ITestResult)[pri:0, instance:test.WittyFeedCatagoiesTestCasesTest@6d3af739]" name="getResults" is-config="true" duration-ms="1" started-at="2018-12-18T06:52:36Z" finished-at="2018-12-18T06:52:36Z">
          <params>
            <param index="0">
              <value>
                <![CDATA[[TestResult name=CheckSocialImpactLink status=SUCCESS method=WittyFeedCatagoiesTestCasesTest.CheckSocialImpactLink()[pri:42, instance:test.WittyFeedCatagoiesTestCasesTest@6d3af739] output={null}]]]>
              </value>
            </param>
          </params>
          <reporter-output>
          </reporter-output>
        </test-method> <!-- getResults -->
        <test-method status="PASS" signature="CheckGirlingLink()[pri:43, instance:test.WittyFeedCatagoiesTestCasesTest@6d3af739]" name="CheckGirlingLink" duration-ms="1051" started-at="2018-12-18T06:52:36Z" finished-at="2018-12-18T06:52:37Z">
          <reporter-output>
          </reporter-output>
        </test-method> <!-- CheckGirlingLink -->
        <test-method status="PASS" signature="getResults(org.testng.ITestResult)[pri:0, instance:test.WittyFeedCatagoiesTestCasesTest@6d3af739]" name="getResults" is-config="true" duration-ms="1" started-at="2018-12-18T06:52:37Z" finished-at="2018-12-18T06:52:37Z">
          <params>
            <param index="0">
              <value>
                <![CDATA[[TestResult name=CheckGirlingLink status=SUCCESS method=WittyFeedCatagoiesTestCasesTest.CheckGirlingLink()[pri:43, instance:test.WittyFeedCatagoiesTestCasesTest@6d3af739] output={null}]]]>
              </value>
            </param>
          </params>
          <reporter-output>
          </reporter-output>
        </test-method> <!-- getResults -->
        <test-method status="PASS" signature="CheckVideosLink()[pri:44, instance:test.WittyFeedCatagoiesTestCasesTest@6d3af739]" name="CheckVideosLink" duration-ms="1054" started-at="2018-12-18T06:52:37Z" finished-at="2018-12-18T06:52:38Z">
          <reporter-output>
          </reporter-output>
        </test-method> <!-- CheckVideosLink -->
        <test-method status="PASS" signature="getResults(org.testng.ITestResult)[pri:0, instance:test.WittyFeedCatagoiesTestCasesTest@6d3af739]" name="getResults" is-config="true" duration-ms="2" started-at="2018-12-18T06:52:38Z" finished-at="2018-12-18T06:52:38Z">
          <params>
            <param index="0">
              <value>
                <![CDATA[[TestResult name=CheckVideosLink status=SUCCESS method=WittyFeedCatagoiesTestCasesTest.CheckVideosLink()[pri:44, instance:test.WittyFeedCatagoiesTestCasesTest@6d3af739] output={null}]]]>
              </value>
            </param>
          </params>
          <reporter-output>
          </reporter-output>
        </test-method> <!-- getResults -->
        <test-method status="PASS" signature="CheckQuizLink()[pri:45, instance:test.WittyFeedCatagoiesTestCasesTest@6d3af739]" name="CheckQuizLink" duration-ms="1044" started-at="2018-12-18T06:52:38Z" finished-at="2018-12-18T06:52:39Z">
          <reporter-output>
          </reporter-output>
        </test-method> <!-- CheckQuizLink -->
        <test-method status="PASS" signature="getResults(org.testng.ITestResult)[pri:0, instance:test.WittyFeedCatagoiesTestCasesTest@6d3af739]" name="getResults" is-config="true" duration-ms="1" started-at="2018-12-18T06:52:39Z" finished-at="2018-12-18T06:52:39Z">
          <params>
            <param index="0">
              <value>
                <![CDATA[[TestResult name=CheckQuizLink status=SUCCESS method=WittyFeedCatagoiesTestCasesTest.CheckQuizLink()[pri:45, instance:test.WittyFeedCatagoiesTestCasesTest@6d3af739] output={null}]]]>
              </value>
            </param>
          </params>
          <reporter-output>
          </reporter-output>
        </test-method> <!-- getResults -->
        <test-method status="PASS" signature="CheckNewsPage()[pri:46, instance:test.WittyFeedCatagoiesTestCasesTest@6d3af739]" name="CheckNewsPage" duration-ms="5334" started-at="2018-12-18T06:52:39Z" finished-at="2018-12-18T06:52:44Z">
          <reporter-output>
          </reporter-output>
        </test-method> <!-- CheckNewsPage -->
        <test-method status="PASS" signature="getResults(org.testng.ITestResult)[pri:0, instance:test.WittyFeedCatagoiesTestCasesTest@6d3af739]" name="getResults" is-config="true" duration-ms="0" started-at="2018-12-18T06:52:44Z" finished-at="2018-12-18T06:52:44Z">
          <params>
            <param index="0">
              <value>
                <![CDATA[[TestResult name=CheckNewsPage status=SUCCESS method=WittyFeedCatagoiesTestCasesTest.CheckNewsPage()[pri:46, instance:test.WittyFeedCatagoiesTestCasesTest@6d3af739] output={null}]]]>
              </value>
            </param>
          </params>
          <reporter-output>
          </reporter-output>
        </test-method> <!-- getResults -->
        <test-method status="PASS" signature="CheckPoliticsPage()[pri:47, instance:test.WittyFeedCatagoiesTestCasesTest@6d3af739]" name="CheckPoliticsPage" duration-ms="6204" started-at="2018-12-18T06:52:44Z" finished-at="2018-12-18T06:52:51Z">
          <reporter-output>
          </reporter-output>
        </test-method> <!-- CheckPoliticsPage -->
        <test-method status="PASS" signature="getResults(org.testng.ITestResult)[pri:0, instance:test.WittyFeedCatagoiesTestCasesTest@6d3af739]" name="getResults" is-config="true" duration-ms="1" started-at="2018-12-18T06:52:51Z" finished-at="2018-12-18T06:52:51Z">
          <params>
            <param index="0">
              <value>
                <![CDATA[[TestResult name=CheckPoliticsPage status=SUCCESS method=WittyFeedCatagoiesTestCasesTest.CheckPoliticsPage()[pri:47, instance:test.WittyFeedCatagoiesTestCasesTest@6d3af739] output={null}]]]>
              </value>
            </param>
          </params>
          <reporter-output>
          </reporter-output>
        </test-method> <!-- getResults -->
        <test-method status="PASS" signature="CheckSocialPage()[pri:48, instance:test.WittyFeedCatagoiesTestCasesTest@6d3af739]" name="CheckSocialPage" duration-ms="6560" started-at="2018-12-18T06:52:51Z" finished-at="2018-12-18T06:52:57Z">
          <reporter-output>
          </reporter-output>
        </test-method> <!-- CheckSocialPage -->
        <test-method status="PASS" signature="getResults(org.testng.ITestResult)[pri:0, instance:test.WittyFeedCatagoiesTestCasesTest@6d3af739]" name="getResults" is-config="true" duration-ms="1" started-at="2018-12-18T06:52:57Z" finished-at="2018-12-18T06:52:57Z">
          <params>
            <param index="0">
              <value>
                <![CDATA[[TestResult name=CheckSocialPage status=SUCCESS method=WittyFeedCatagoiesTestCasesTest.CheckSocialPage()[pri:48, instance:test.WittyFeedCatagoiesTestCasesTest@6d3af739] output={null}]]]>
              </value>
            </param>
          </params>
          <reporter-output>
          </reporter-output>
        </test-method> <!-- getResults -->
        <test-method status="PASS" signature="CheckTrendingPage()[pri:49, instance:test.WittyFeedCatagoiesTestCasesTest@6d3af739]" name="CheckTrendingPage" duration-ms="4443" started-at="2018-12-18T06:52:57Z" finished-at="2018-12-18T06:53:02Z">
          <reporter-output>
          </reporter-output>
        </test-method> <!-- CheckTrendingPage -->
        <test-method status="PASS" signature="getResults(org.testng.ITestResult)[pri:0, instance:test.WittyFeedCatagoiesTestCasesTest@6d3af739]" name="getResults" is-config="true" duration-ms="1" started-at="2018-12-18T06:53:02Z" finished-at="2018-12-18T06:53:02Z">
          <params>
            <param index="0">
              <value>
                <![CDATA[[TestResult name=CheckTrendingPage status=SUCCESS method=WittyFeedCatagoiesTestCasesTest.CheckTrendingPage()[pri:49, instance:test.WittyFeedCatagoiesTestCasesTest@6d3af739] output={null}]]]>
              </value>
            </param>
          </params>
          <reporter-output>
          </reporter-output>
        </test-method> <!-- getResults -->
        <test-method status="PASS" signature="CheckLifeStylePage()[pri:50, instance:test.WittyFeedCatagoiesTestCasesTest@6d3af739]" name="CheckLifeStylePage" duration-ms="4266" started-at="2018-12-18T06:53:02Z" finished-at="2018-12-18T06:53:06Z">
          <reporter-output>
          </reporter-output>
        </test-method> <!-- CheckLifeStylePage -->
        <test-method status="PASS" signature="getResults(org.testng.ITestResult)[pri:0, instance:test.WittyFeedCatagoiesTestCasesTest@6d3af739]" name="getResults" is-config="true" duration-ms="0" started-at="2018-12-18T06:53:06Z" finished-at="2018-12-18T06:53:06Z">
          <params>
            <param index="0">
              <value>
                <![CDATA[[TestResult name=CheckLifeStylePage status=SUCCESS method=WittyFeedCatagoiesTestCasesTest.CheckLifeStylePage()[pri:50, instance:test.WittyFeedCatagoiesTestCasesTest@6d3af739] output={null}]]]>
              </value>
            </param>
          </params>
          <reporter-output>
          </reporter-output>
        </test-method> <!-- getResults -->
        <test-method status="PASS" signature="CheckHealthPage()[pri:51, instance:test.WittyFeedCatagoiesTestCasesTest@6d3af739]" name="CheckHealthPage" duration-ms="4723" started-at="2018-12-18T06:53:06Z" finished-at="2018-12-18T06:53:11Z">
          <reporter-output>
          </reporter-output>
        </test-method> <!-- CheckHealthPage -->
        <test-method status="PASS" signature="getResults(org.testng.ITestResult)[pri:0, instance:test.WittyFeedCatagoiesTestCasesTest@6d3af739]" name="getResults" is-config="true" duration-ms="1" started-at="2018-12-18T06:53:11Z" finished-at="2018-12-18T06:53:11Z">
          <params>
            <param index="0">
              <value>
                <![CDATA[[TestResult name=CheckHealthPage status=SUCCESS method=WittyFeedCatagoiesTestCasesTest.CheckHealthPage()[pri:51, instance:test.WittyFeedCatagoiesTestCasesTest@6d3af739] output={null}]]]>
              </value>
            </param>
          </params>
          <reporter-output>
          </reporter-output>
        </test-method> <!-- getResults -->
        <test-method status="PASS" signature="CheckRelationshipPage()[pri:52, instance:test.WittyFeedCatagoiesTestCasesTest@6d3af739]" name="CheckRelationshipPage" duration-ms="4105" started-at="2018-12-18T06:53:11Z" finished-at="2018-12-18T06:53:15Z">
          <reporter-output>
          </reporter-output>
        </test-method> <!-- CheckRelationshipPage -->
        <test-method status="PASS" signature="getResults(org.testng.ITestResult)[pri:0, instance:test.WittyFeedCatagoiesTestCasesTest@6d3af739]" name="getResults" is-config="true" duration-ms="1" started-at="2018-12-18T06:53:15Z" finished-at="2018-12-18T06:53:15Z">
          <params>
            <param index="0">
              <value>
                <![CDATA[[TestResult name=CheckRelationshipPage status=SUCCESS method=WittyFeedCatagoiesTestCasesTest.CheckRelationshipPage()[pri:52, instance:test.WittyFeedCatagoiesTestCasesTest@6d3af739] output={null}]]]>
              </value>
            </param>
          </params>
          <reporter-output>
          </reporter-output>
        </test-method> <!-- getResults -->
        <test-method status="PASS" signature="CheckTravelPage()[pri:53, instance:test.WittyFeedCatagoiesTestCasesTest@6d3af739]" name="CheckTravelPage" duration-ms="5636" started-at="2018-12-18T06:53:15Z" finished-at="2018-12-18T06:53:20Z">
          <reporter-output>
          </reporter-output>
        </test-method> <!-- CheckTravelPage -->
        <test-method status="PASS" signature="getResults(org.testng.ITestResult)[pri:0, instance:test.WittyFeedCatagoiesTestCasesTest@6d3af739]" name="getResults" is-config="true" duration-ms="0" started-at="2018-12-18T06:53:20Z" finished-at="2018-12-18T06:53:20Z">
          <params>
            <param index="0">
              <value>
                <![CDATA[[TestResult name=CheckTravelPage status=SUCCESS method=WittyFeedCatagoiesTestCasesTest.CheckTravelPage()[pri:53, instance:test.WittyFeedCatagoiesTestCasesTest@6d3af739] output={null}]]]>
              </value>
            </param>
          </params>
          <reporter-output>
          </reporter-output>
        </test-method> <!-- getResults -->
        <test-method status="PASS" signature="CheckFashionPage()[pri:54, instance:test.WittyFeedCatagoiesTestCasesTest@6d3af739]" name="CheckFashionPage" duration-ms="4321" started-at="2018-12-18T06:53:20Z" finished-at="2018-12-18T06:53:25Z">
          <reporter-output>
          </reporter-output>
        </test-method> <!-- CheckFashionPage -->
        <test-method status="PASS" signature="getResults(org.testng.ITestResult)[pri:0, instance:test.WittyFeedCatagoiesTestCasesTest@6d3af739]" name="getResults" is-config="true" duration-ms="1" started-at="2018-12-18T06:53:25Z" finished-at="2018-12-18T06:53:25Z">
          <params>
            <param index="0">
              <value>
                <![CDATA[[TestResult name=CheckFashionPage status=SUCCESS method=WittyFeedCatagoiesTestCasesTest.CheckFashionPage()[pri:54, instance:test.WittyFeedCatagoiesTestCasesTest@6d3af739] output={null}]]]>
              </value>
            </param>
          </params>
          <reporter-output>
          </reporter-output>
        </test-method> <!-- getResults -->
        <test-method status="PASS" signature="CheckEntertainmentPage()[pri:55, instance:test.WittyFeedCatagoiesTestCasesTest@6d3af739]" name="CheckEntertainmentPage" duration-ms="4420" started-at="2018-12-18T06:53:25Z" finished-at="2018-12-18T06:53:29Z">
          <reporter-output>
          </reporter-output>
        </test-method> <!-- CheckEntertainmentPage -->
        <test-method status="PASS" signature="getResults(org.testng.ITestResult)[pri:0, instance:test.WittyFeedCatagoiesTestCasesTest@6d3af739]" name="getResults" is-config="true" duration-ms="0" started-at="2018-12-18T06:53:29Z" finished-at="2018-12-18T06:53:29Z">
          <params>
            <param index="0">
              <value>
                <![CDATA[[TestResult name=CheckEntertainmentPage status=SUCCESS method=WittyFeedCatagoiesTestCasesTest.CheckEntertainmentPage()[pri:55, instance:test.WittyFeedCatagoiesTestCasesTest@6d3af739] output={null}]]]>
              </value>
            </param>
          </params>
          <reporter-output>
          </reporter-output>
        </test-method> <!-- getResults -->
        <test-method status="PASS" signature="CheckBollywoodPage()[pri:56, instance:test.WittyFeedCatagoiesTestCasesTest@6d3af739]" name="CheckBollywoodPage" duration-ms="11057" started-at="2018-12-18T06:53:29Z" finished-at="2018-12-18T06:53:40Z">
          <reporter-output>
          </reporter-output>
        </test-method> <!-- CheckBollywoodPage -->
        <test-method status="PASS" signature="getResults(org.testng.ITestResult)[pri:0, instance:test.WittyFeedCatagoiesTestCasesTest@6d3af739]" name="getResults" is-config="true" duration-ms="0" started-at="2018-12-18T06:53:40Z" finished-at="2018-12-18T06:53:40Z">
          <params>
            <param index="0">
              <value>
                <![CDATA[[TestResult name=CheckBollywoodPage status=SUCCESS method=WittyFeedCatagoiesTestCasesTest.CheckBollywoodPage()[pri:56, instance:test.WittyFeedCatagoiesTestCasesTest@6d3af739] output={null}]]]>
              </value>
            </param>
          </params>
          <reporter-output>
          </reporter-output>
        </test-method> <!-- getResults -->
        <test-method status="FAIL" signature="CheckSocialCelebritiesPage()[pri:57, instance:test.WittyFeedCatagoiesTestCasesTest@6d3af739]" name="CheckSocialCelebritiesPage" duration-ms="1125" started-at="2018-12-18T06:53:40Z" finished-at="2018-12-18T06:53:41Z">
          <exception class="org.openqa.selenium.WebDriverException">
            <message>
              <![CDATA[unknown error: Element <a href="entertainment/social-celebrities" class="subcattext">...</a> is not clickable at point (155, 202). Other element would receive the click: <div id="onesignal-popover-container" class="onesignal-popover-container onesignal-reset slide-down">...</div>
  (Session info: chrome=71.0.3578.80)
  (Driver info: chromedriver=2.43.600233 (523efee95e3d68b8719b3a1c83051aa63aa6b10d),platform=Linux 4.4.0-131-generic x86_64) (WARNING: The server did not provide any stacktrace information)
Command duration or timeout: 0 milliseconds
Build info: version: '3.5.3', revision: 'a88d25fe6b', time: '2017-08-29T12:42:44.417Z'
System info: host: 'wittyfeed-Vostro-3558', ip: '127.0.1.1', os.name: 'Linux', os.arch: 'amd64', os.version: '4.4.0-131-generic', java.version: '1.8.0_191'
Driver info: org.openqa.selenium.chrome.ChromeDriver
Capabilities [{mobileEmulationEnabled=false, hasTouchScreen=false, platform=LINUX, acceptSslCerts=false, goog:chromeOptions={debuggerAddress=localhost:45885}, acceptInsecureCerts=false, webStorageEnabled=true, browserName=chrome, takesScreenshot=true, javascriptEnabled=true, platformName=LINUX, setWindowRect=true, unexpectedAlertBehaviour=, applicationCacheEnabled=false, rotatable=false, networkConnectionEnabled=false, chrome={chromedriverVersion=2.43.600233 (523efee95e3d68b8719b3a1c83051aa63aa6b10d), userDataDir=/tmp/.org.chromium.Chromium.NwD09P}, takesHeapSnapshot=true, unhandledPromptBehavior=, pageLoadStrategy=normal, databaseEnabled=false, handlesAlerts=true, version=71.0.3578.80, browserConnectionEnabled=false, nativeEvents=true, locationContextEnabled=true, cssSelectorsEnabled=true}]
Session ID: 9816b34bbf3d5849cf02e712f21d78f9]]>
            </message>
            <full-stacktrace>
              <![CDATA[org.openqa.selenium.WebDriverException: unknown error: Element <a href="entertainment/social-celebrities" class="subcattext">...</a> is not clickable at point (155, 202). Other element would receive the click: <div id="onesignal-popover-container" class="onesignal-popover-container onesignal-reset slide-down">...</div>
  (Session info: chrome=71.0.3578.80)
  (Driver info: chromedriver=2.43.600233 (523efee95e3d68b8719b3a1c83051aa63aa6b10d),platform=Linux 4.4.0-131-generic x86_64) (WARNING: The server did not provide any stacktrace information)
Command duration or timeout: 0 milliseconds
Build info: version: '3.5.3', revision: 'a88d25fe6b', time: '2017-08-29T12:42:44.417Z'
System info: host: 'wittyfeed-Vostro-3558', ip: '127.0.1.1', os.name: 'Linux', os.arch: 'amd64', os.version: '4.4.0-131-generic', java.version: '1.8.0_191'
Driver info: org.openqa.selenium.chrome.ChromeDriver
Capabilities [{mobileEmulationEnabled=false, hasTouchScreen=false, platform=LINUX, acceptSslCerts=false, goog:chromeOptions={debuggerAddress=localhost:45885}, acceptInsecureCerts=false, webStorageEnabled=true, browserName=chrome, takesScreenshot=true, javascriptEnabled=true, platformName=LINUX, setWindowRect=true, unexpectedAlertBehaviour=, applicationCacheEnabled=false, rotatable=false, networkConnectionEnabled=false, chrome={chromedriverVersion=2.43.600233 (523efee95e3d68b8719b3a1c83051aa63aa6b10d), userDataDir=/tmp/.org.chromium.Chromium.NwD09P}, takesHeapSnapshot=true, unhandledPromptBehavior=, pageLoadStrategy=normal, databaseEnabled=false, handlesAlerts=true, version=71.0.3578.80, browserConnectionEnabled=false, nativeEvents=true, locationContextEnabled=true, cssSelectorsEnabled=true}]
Session ID: 9816b34bbf3d5849cf02e712f21d78f9
at sun.reflect.NativeConstructorAccessorImpl.newInstance0(Native Method)
at sun.reflect.NativeConstructorAccessorImpl.newInstance(NativeConstructorAccessorImpl.java:62)
at sun.reflect.DelegatingConstructorAccessorImpl.newInstance(DelegatingConstructorAccessorImpl.java:45)
at java.lang.reflect.Constructor.newInstance(Constructor.java:423)
at org.openqa.selenium.remote.ErrorHandler.createThrowable(ErrorHandler.java:215)
at org.openqa.selenium.remote.ErrorHandler.throwIfResponseFailed(ErrorHandler.java:167)
at org.openqa.selenium.remote.http.JsonHttpResponseCodec.reconstructValue(JsonHttpResponseCodec.java:40)
at org.openqa.selenium.remote.http.AbstractHttpResponseCodec.decode(AbstractHttpResponseCodec.java:82)
at org.openqa.selenium.remote.http.AbstractHttpResponseCodec.decode(AbstractHttpResponseCodec.java:45)
at org.openqa.selenium.remote.HttpCommandExecutor.execute(HttpCommandExecutor.java:164)
at org.openqa.selenium.remote.service.DriverCommandExecutor.execute(DriverCommandExecutor.java:82)
at org.openqa.selenium.remote.RemoteWebDriver.execute(RemoteWebDriver.java:646)
at org.openqa.selenium.remote.RemoteWebElement.execute(RemoteWebElement.java:275)
at org.openqa.selenium.remote.RemoteWebElement.click(RemoteWebElement.java:82)
at UtilsOnFeed.WrapperGenericMethod.Click(WrapperGenericMethod.java:12)
at PagesOnWittyFeedTv.WittyFeedCatagoriesPage.SocialCelebrities(WittyFeedCatagoriesPage.java:380)
at test.WittyFeedCatagoiesTestCasesTest.CheckSocialCelebritiesPage(WittyFeedCatagoiesTestCasesTest.java:184)
at sun.reflect.NativeMethodAccessorImpl.invoke0(Native Method)
at sun.reflect.NativeMethodAccessorImpl.invoke(NativeMethodAccessorImpl.java:62)
at sun.reflect.DelegatingMethodAccessorImpl.invoke(DelegatingMethodAccessorImpl.java:43)
at java.lang.reflect.Method.invoke(Method.java:498)
at org.testng.internal.MethodInvocationHelper.invokeMethod(MethodInvocationHelper.java:124)
at org.testng.internal.Invoker.invokeMethod(Invoker.java:580)
at org.testng.internal.Invoker.invokeTestMethod(Invoker.java:716)
at org.testng.internal.Invoker.invokeTestMethods(Invoker.java:988)
at org.testng.internal.TestMethodWorker.invokeTestMethods(TestMethodWorker.java:125)
at org.testng.internal.TestMethodWorker.run(TestMethodWorker.java:109)
at org.testng.TestRunner.privateRun(TestRunner.java:648)
at org.testng.TestRunner.run(TestRunner.java:505)
at org.testng.SuiteRunner.runTest(SuiteRunner.java:455)
at org.testng.SuiteRunner.runSequentially(SuiteRunner.java:450)
at org.testng.SuiteRunner.privateRun(SuiteRunner.java:415)
at org.testng.SuiteRunner.run(SuiteRunner.java:364)
at org.testng.SuiteRunnerWorker.runSuite(SuiteRunnerWorker.java:52)
at org.testng.SuiteRunnerWorker.run(SuiteRunnerWorker.java:84)
at org.testng.TestNG.runSuitesSequentially(TestNG.java:1208)
at org.testng.TestNG.runSuitesLocally(TestNG.java:1137)
at org.testng.TestNG.runSuites(TestNG.java:1049)
at org.testng.TestNG.run(TestNG.java:1017)
at org.testng.remote.AbstractRemoteTestNG.run(AbstractRemoteTestNG.java:114)
at org.testng.remote.RemoteTestNG.initAndRun(RemoteTestNG.java:251)
at org.testng.remote.RemoteTestNG.main(RemoteTestNG.java:77)
]]>
            </full-stacktrace>
          </exception> <!-- org.openqa.selenium.WebDriverException -->
          <reporter-output>
          </reporter-output>
        </test-method> <!-- CheckSocialCelebritiesPage -->
        <test-method status="PASS" signature="getResults(org.testng.ITestResult)[pri:0, instance:test.WittyFeedCatagoiesTestCasesTest@6d3af739]" name="getResults" is-config="true" duration-ms="7" started-at="2018-12-18T06:53:41Z" finished-at="2018-12-18T06:53:41Z">
          <params>
            <param index="0">
              <value>
                <![CDATA[[TestResult name=CheckSocialCelebritiesPage status=FAILURE method=WittyFeedCatagoiesTestCasesTest.CheckSocialCelebritiesPage()[pri:57, instance:test.WittyFeedCatagoiesTestCasesTest@6d3af739] output={null}]]]>
              </value>
            </param>
          </params>
          <reporter-output>
          </reporter-output>
        </test-method> <!-- getResults -->
        <test-method status="PASS" signature="CheckSportsPage()[pri:58, instance:test.WittyFeedCatagoiesTestCasesTest@6d3af739]" name="CheckSportsPage" duration-ms="20835" started-at="2018-12-18T06:53:41Z" finished-at="2018-12-18T06:54:02Z">
          <reporter-output>
          </reporter-output>
        </test-method> <!-- CheckSportsPage -->
        <test-method status="PASS" signature="getResults(org.testng.ITestResult)[pri:0, instance:test.WittyFeedCatagoiesTestCasesTest@6d3af739]" name="getResults" is-config="true" duration-ms="1" started-at="2018-12-18T06:54:02Z" finished-at="2018-12-18T06:54:02Z">
          <params>
            <param index="0">
              <value>
                <![CDATA[[TestResult name=CheckSportsPage status=SUCCESS method=WittyFeedCatagoiesTestCasesTest.CheckSportsPage()[pri:58, instance:test.WittyFeedCatagoiesTestCasesTest@6d3af739] output={null}]]]>
              </value>
            </param>
          </params>
          <reporter-output>
          </reporter-output>
        </test-method> <!-- getResults -->
        <test-method status="PASS" signature="CheckHollywoodPage()[pri:59, instance:test.WittyFeedCatagoiesTestCasesTest@6d3af739]" name="CheckHollywoodPage" duration-ms="10536" started-at="2018-12-18T06:54:02Z" finished-at="2018-12-18T06:54:13Z">
          <reporter-output>
          </reporter-output>
        </test-method> <!-- CheckHollywoodPage -->
        <test-method status="PASS" signature="getResults(org.testng.ITestResult)[pri:0, instance:test.WittyFeedCatagoiesTestCasesTest@6d3af739]" name="getResults" is-config="true" duration-ms="1" started-at="2018-12-18T06:54:13Z" finished-at="2018-12-18T06:54:13Z">
          <params>
            <param index="0">
              <value>
                <![CDATA[[TestResult name=CheckHollywoodPage status=SUCCESS method=WittyFeedCatagoiesTestCasesTest.CheckHollywoodPage()[pri:59, instance:test.WittyFeedCatagoiesTestCasesTest@6d3af739] output={null}]]]>
              </value>
            </param>
          </params>
          <reporter-output>
          </reporter-output>
        </test-method> <!-- getResults -->
        <test-method status="PASS" signature="CheckOpinionPage()[pri:60, instance:test.WittyFeedCatagoiesTestCasesTest@6d3af739]" name="CheckOpinionPage" duration-ms="1076" started-at="2018-12-18T06:54:13Z" finished-at="2018-12-18T06:54:14Z">
          <reporter-output>
          </reporter-output>
        </test-method> <!-- CheckOpinionPage -->
        <test-method status="PASS" signature="getResults(org.testng.ITestResult)[pri:0, instance:test.WittyFeedCatagoiesTestCasesTest@6d3af739]" name="getResults" is-config="true" duration-ms="1" started-at="2018-12-18T06:54:14Z" finished-at="2018-12-18T06:54:14Z">
          <params>
            <param index="0">
              <value>
                <![CDATA[[TestResult name=CheckOpinionPage status=SUCCESS method=WittyFeedCatagoiesTestCasesTest.CheckOpinionPage()[pri:60, instance:test.WittyFeedCatagoiesTestCasesTest@6d3af739] output={null}]]]>
              </value>
            </param>
          </params>
          <reporter-output>
          </reporter-output>
        </test-method> <!-- getResults -->
        <test-method status="PASS" signature="CheckIndiaKaPulsePage()[pri:61, instance:test.WittyFeedCatagoiesTestCasesTest@6d3af739]" name="CheckIndiaKaPulsePage" duration-ms="1054" started-at="2018-12-18T06:54:14Z" finished-at="2018-12-18T06:54:15Z">
          <reporter-output>
          </reporter-output>
        </test-method> <!-- CheckIndiaKaPulsePage -->
        <test-method status="PASS" signature="getResults(org.testng.ITestResult)[pri:0, instance:test.WittyFeedCatagoiesTestCasesTest@6d3af739]" name="getResults" is-config="true" duration-ms="1" started-at="2018-12-18T06:54:15Z" finished-at="2018-12-18T06:54:15Z">
          <params>
            <param index="0">
              <value>
                <![CDATA[[TestResult name=CheckIndiaKaPulsePage status=SUCCESS method=WittyFeedCatagoiesTestCasesTest.CheckIndiaKaPulsePage()[pri:61, instance:test.WittyFeedCatagoiesTestCasesTest@6d3af739] output={null}]]]>
              </value>
            </param>
          </params>
          <reporter-output>
          </reporter-output>
        </test-method> <!-- getResults -->
        <test-method status="PASS" signature="CheckSocialImpactPage()[pri:62, instance:test.WittyFeedCatagoiesTestCasesTest@6d3af739]" name="CheckSocialImpactPage" duration-ms="1063" started-at="2018-12-18T06:54:15Z" finished-at="2018-12-18T06:54:16Z">
          <reporter-output>
          </reporter-output>
        </test-method> <!-- CheckSocialImpactPage -->
        <test-method status="PASS" signature="getResults(org.testng.ITestResult)[pri:0, instance:test.WittyFeedCatagoiesTestCasesTest@6d3af739]" name="getResults" is-config="true" duration-ms="4" started-at="2018-12-18T06:54:16Z" finished-at="2018-12-18T06:54:16Z">
          <params>
            <param index="0">
              <value>
                <![CDATA[[TestResult name=CheckSocialImpactPage status=SUCCESS method=WittyFeedCatagoiesTestCasesTest.CheckSocialImpactPage()[pri:62, instance:test.WittyFeedCatagoiesTestCasesTest@6d3af739] output={null}]]]>
              </value>
            </param>
          </params>
          <reporter-output>
          </reporter-output>
        </test-method> <!-- getResults -->
        <test-method status="PASS" signature="CheckGirlingPage()[pri:63, instance:test.WittyFeedCatagoiesTestCasesTest@6d3af739]" name="CheckGirlingPage" duration-ms="1050" started-at="2018-12-18T06:54:16Z" finished-at="2018-12-18T06:54:17Z">
          <reporter-output>
          </reporter-output>
        </test-method> <!-- CheckGirlingPage -->
        <test-method status="PASS" signature="getResults(org.testng.ITestResult)[pri:0, instance:test.WittyFeedCatagoiesTestCasesTest@6d3af739]" name="getResults" is-config="true" duration-ms="1" started-at="2018-12-18T06:54:17Z" finished-at="2018-12-18T06:54:17Z">
          <params>
            <param index="0">
              <value>
                <![CDATA[[TestResult name=CheckGirlingPage status=SUCCESS method=WittyFeedCatagoiesTestCasesTest.CheckGirlingPage()[pri:63, instance:test.WittyFeedCatagoiesTestCasesTest@6d3af739] output={null}]]]>
              </value>
            </param>
          </params>
          <reporter-output>
          </reporter-output>
        </test-method> <!-- getResults -->
        <test-method status="PASS" signature="CheckVideosPage()[pri:64, instance:test.WittyFeedCatagoiesTestCasesTest@6d3af739]" name="CheckVideosPage" duration-ms="1051" started-at="2018-12-18T06:54:17Z" finished-at="2018-12-18T06:54:18Z">
          <reporter-output>
          </reporter-output>
        </test-method> <!-- CheckVideosPage -->
        <test-method status="PASS" signature="getResults(org.testng.ITestResult)[pri:0, instance:test.WittyFeedCatagoiesTestCasesTest@6d3af739]" name="getResults" is-config="true" duration-ms="1" started-at="2018-12-18T06:54:18Z" finished-at="2018-12-18T06:54:18Z">
          <params>
            <param index="0">
              <value>
                <![CDATA[[TestResult name=CheckVideosPage status=SUCCESS method=WittyFeedCatagoiesTestCasesTest.CheckVideosPage()[pri:64, instance:test.WittyFeedCatagoiesTestCasesTest@6d3af739] output={null}]]]>
              </value>
            </param>
          </params>
          <reporter-output>
          </reporter-output>
        </test-method> <!-- getResults -->
        <test-method status="PASS" signature="CheckQuizPage()[pri:65, instance:test.WittyFeedCatagoiesTestCasesTest@6d3af739]" name="CheckQuizPage" duration-ms="1049" started-at="2018-12-18T06:54:18Z" finished-at="2018-12-18T06:54:19Z">
          <reporter-output>
          </reporter-output>
        </test-method> <!-- CheckQuizPage -->
        <test-method status="PASS" signature="getResults(org.testng.ITestResult)[pri:0, instance:test.WittyFeedCatagoiesTestCasesTest@6d3af739]" name="getResults" is-config="true" duration-ms="1" started-at="2018-12-18T06:54:19Z" finished-at="2018-12-18T06:54:19Z">
          <params>
            <param index="0">
              <value>
                <![CDATA[[TestResult name=CheckQuizPage status=SUCCESS method=WittyFeedCatagoiesTestCasesTest.CheckQuizPage()[pri:65, instance:test.WittyFeedCatagoiesTestCasesTest@6d3af739] output={null}]]]>
              </value>
            </param>
          </params>
          <reporter-output>
          </reporter-output>
        </test-method> <!-- getResults -->
        <test-method status="PASS" signature="tearDown()[pri:0, instance:test.WittyFeedCatagoiesTestCasesTest@6d3af739]" name="tearDown" is-config="true" duration-ms="446" started-at="2018-12-18T06:54:19Z" finished-at="2018-12-18T06:54:20Z">
          <reporter-output>
          </reporter-output>
        </test-method> <!-- tearDown -->
      </class> <!-- test.WittyFeedCatagoiesTestCasesTest -->
    </test> <!-- Default test -->
  </suite> <!-- Default suite -->
</testng-results>
